sample.interval=20000
"get.highest.joint.payoff" "solve.game" 
"get.highest.joint.payoff" "solve.game" 
"get.highest.joint.payoff" "solve.game" 
"get.highest.joint.payoff" "solve.game" 
"get.highest.joint.payoff" "solve.game" 
"get.highest.joint.payoff" "solve.game" 
"get.highest.joint.payoff" "solve.game" 
"get.highest.joint.payoff" "solve.game" 
"get.highest.joint.payoff" "solve.game" 
"get.highest.joint.payoff" "solve.game" 
"get.highest.joint.payoff" "solve.game" 
"get.highest.joint.payoff" "solve.game" 
"get.highest.joint.payoff" "solve.game" 
"get.highest.joint.payoff" "solve.game" 
"get.highest.joint.payoff" "solve.game" 
"get.highest.joint.payoff" "solve.game" 
"get.highest.joint.payoff" "solve.game" 
"get.highest.joint.payoff" "solve.game" 
"get.highest.joint.payoff" "solve.game" 
"get.highest.joint.payoff" "solve.game" 
"get.highest.joint.payoff" "solve.game" 
"get.highest.joint.payoff" "solve.game" 
"get.highest.joint.payoff" "solve.game" 
"get.highest.joint.payoff" "solve.game" 
"get.highest.joint.payoff" "solve.game" 
"get.highest.joint.payoff" "solve.game" 
"get.highest.joint.payoff" "solve.game" 
"get.highest.joint.payoff" "solve.game" 
"get.highest.joint.payoff" "solve.game" 
"get.highest.joint.payoff" "solve.game" 
"get.highest.joint.payoff" "solve.game" 
"get.highest.joint.payoff" "solve.game" 
"get.highest.joint.payoff" "solve.game" 
"get.highest.joint.payoff" "solve.game" 
"get.highest.joint.payoff" "solve.game" 
"get.highest.joint.payoff" "solve.game" 
"get.highest.joint.payoff" "solve.game" 
"get.highest.joint.payoff" "solve.game" 
"get.highest.joint.payoff" "solve.game" 
"get.highest.joint.payoff" "solve.game" 
"get.highest.joint.payoff" "solve.game" 
"get.highest.joint.payoff" "solve.game" 
"get.highest.joint.payoff" "solve.game" 
"get.highest.joint.payoff" "solve.game" 
"get.highest.joint.payoff" "solve.game" 
"get.highest.joint.payoff" "solve.game" 
"get.highest.joint.payoff" "solve.game" 
"get.highest.joint.payoff" "solve.game" 
"get.highest.joint.payoff" "solve.game" 
"solve.default" "solve" "policy_iteration" "get.highest.joint.payoff" "solve.game" 
"solve.default" "solve" "policy_iteration" "get.highest.joint.payoff" "solve.game" 
"%*%" "policy_iteration" "get.highest.joint.payoff" "solve.game" 
"%*%" "policy_iteration" "get.highest.joint.payoff" "solve.game" 
"%*%" "policy_iteration" "get.highest.joint.payoff" "solve.game" 
"%*%" "policy_iteration" "get.highest.joint.payoff" "solve.game" 
"%*%" "policy_iteration" "get.highest.joint.payoff" "solve.game" 
"policy_iteration" "get.highest.joint.payoff" "solve.game" 
"solve.default" "solve" "policy_iteration" "get.highest.joint.payoff" "solve.game" 
"%*%" "policy_iteration" "get.highest.joint.payoff" "solve.game" 
"%*%" "policy_iteration" "get.highest.joint.payoff" "solve.game" 
"%*%" "policy_iteration" "get.highest.joint.payoff" "solve.game" 
"%*%" "policy_iteration" "get.highest.joint.payoff" "solve.game" 
"policy_iteration" "get.highest.joint.payoff" "solve.game" 
"solve.default" "solve" "policy_iteration" "get.highest.joint.payoff" "solve.game" 
"%*%" "policy_iteration" "get.highest.joint.payoff" "solve.game" 
"%*%" "policy_iteration" "get.highest.joint.payoff" "solve.game" 
"%*%" "policy_iteration" "get.highest.joint.payoff" "solve.game" 
"%*%" "policy_iteration" "get.highest.joint.payoff" "solve.game" 
"%*%" "policy_iteration" "get.highest.joint.payoff" "solve.game" 
"policy_iteration" "get.highest.joint.payoff" "solve.game" 
"solve.default" "solve" "policy_iteration" "get.highest.joint.payoff" "solve.game" 
"%*%" "policy_iteration" "get.highest.joint.payoff" "solve.game" 
"%*%" "policy_iteration" "get.highest.joint.payoff" "solve.game" 
"%*%" "policy_iteration" "get.highest.joint.payoff" "solve.game" 
"%*%" "policy_iteration" "get.highest.joint.payoff" "solve.game" 
"%*%" "policy_iteration" "get.highest.joint.payoff" "solve.game" 
"match" "get.harshest.punishment" "solve.game" 
"FUN" "lapply" "sapply" "unlist" "rows.to.v.ind" "get.full.dyn.vi" "get.harshest.punishment" "solve.game" 
"FUN" "lapply" "sapply" "unlist" "rows.to.v.ind" "get.full.dyn.vi" "get.harshest.punishment" "solve.game" 
"get.full.dyn.vi" "get.harshest.punishment" "solve.game" 
"get.full.dyn.vi" "get.harshest.punishment" "solve.game" 
"get.full.dyn.vi" "get.harshest.punishment" "solve.game" 
"get.full.dyn.vi" "get.harshest.punishment" "solve.game" 
"solve.default" "solve" "policy_iteration" "get.full.dyn.vi" "get.harshest.punishment" "solve.game" 
"solve.default" "solve" "policy_iteration" "get.full.dyn.vi" "get.harshest.punishment" "solve.game" 
"solve.default" "solve" "policy_iteration" "get.full.dyn.vi" "get.harshest.punishment" "solve.game" 
"solve.default" "solve" "policy_iteration" "get.full.dyn.vi" "get.harshest.punishment" "solve.game" 
"policy_iteration" "get.full.dyn.vi" "get.harshest.punishment" "solve.game" 
"solve.default" "solve" "policy_iteration" "get.full.dyn.vi" "get.harshest.punishment" "solve.game" 
"policy_iteration" "get.full.dyn.vi" "get.harshest.punishment" "solve.game" 
"solve.default" "solve" "policy_iteration" "get.full.dyn.vi" "get.harshest.punishment" "solve.game" 
"%*%" "policy_iteration" "get.full.dyn.vi" "get.harshest.punishment" "solve.game" 
"%*%" "get.cheating.payoffs" "get.harshest.punishment" "solve.game" 
"%*%" "get.cheating.payoffs" "get.harshest.punishment" "solve.game" 
"%*%" "get.cheating.payoffs" "get.harshest.punishment" "solve.game" 
"%*%" "get.cheating.payoffs" "get.harshest.punishment" "solve.game" 
"get.full.dyn.vi" "get.harshest.punishment" "solve.game" 
"get.full.dyn.vi" "get.harshest.punishment" "solve.game" 
"get.full.dyn.vi" "get.harshest.punishment" "solve.game" 
"policy_iteration" "get.full.dyn.vi" "get.harshest.punishment" "solve.game" 
"solve.default" "solve" "policy_iteration" "get.full.dyn.vi" "get.harshest.punishment" "solve.game" 
"policy_iteration" "get.full.dyn.vi" "get.harshest.punishment" "solve.game" 
"solve.default" "solve" "policy_iteration" "get.full.dyn.vi" "get.harshest.punishment" "solve.game" 
"policy_iteration" "get.full.dyn.vi" "get.harshest.punishment" "solve.game" 
"solve.default" "solve" "policy_iteration" "get.full.dyn.vi" "get.harshest.punishment" "solve.game" 
"policy_iteration" "get.full.dyn.vi" "get.harshest.punishment" "solve.game" 
"solve.default" "solve" "policy_iteration" "get.full.dyn.vi" "get.harshest.punishment" "solve.game" 
"%*%" "policy_iteration" "get.full.dyn.vi" "get.harshest.punishment" "solve.game" 
"%*%" "get.cheating.payoffs" "get.harshest.punishment" "solve.game" 
"%*%" "get.cheating.payoffs" "get.harshest.punishment" "solve.game" 
"%*%" "get.cheating.payoffs" "get.harshest.punishment" "solve.game" 
"%*%" "get.cheating.payoffs" "get.harshest.punishment" "solve.game" 
"$" "FUN" "lapply" "sapply" "unlist" "rows.to.v.ind" "get.full.dyn.vi" "get.harshest.punishment" "solve.game" 
"get.full.dyn.vi" "get.harshest.punishment" "solve.game" 
"get.full.dyn.vi" "get.harshest.punishment" "solve.game" 
"get.full.dyn.vi" "get.harshest.punishment" "solve.game" 
"get.full.dyn.vi" "get.harshest.punishment" "solve.game" 
"solve.default" "solve" "policy_iteration" "get.full.dyn.vi" "get.harshest.punishment" "solve.game" 
"solve.default" "solve" "policy_iteration" "get.full.dyn.vi" "get.harshest.punishment" "solve.game" 
"policy_iteration" "get.full.dyn.vi" "get.harshest.punishment" "solve.game" 
"solve.default" "solve" "policy_iteration" "get.full.dyn.vi" "get.harshest.punishment" "solve.game" 
"policy_iteration" "get.full.dyn.vi" "get.harshest.punishment" "solve.game" 
"solve.default" "solve" "policy_iteration" "get.full.dyn.vi" "get.harshest.punishment" "solve.game" 
"%*%" "policy_iteration" "get.full.dyn.vi" "get.harshest.punishment" "solve.game" 
"solve.default" "solve" "policy_iteration" "get.full.dyn.vi" "get.harshest.punishment" "solve.game" 
"%*%" "policy_iteration" "get.full.dyn.vi" "get.harshest.punishment" "solve.game" 
"%*%" "get.cheating.payoffs" "get.harshest.punishment" "solve.game" 
"%*%" "get.cheating.payoffs" "get.harshest.punishment" "solve.game" 
"%*%" "get.cheating.payoffs" "get.harshest.punishment" "solve.game" 
"get.cheating.payoffs" "get.harshest.punishment" "solve.game" 
"get.full.dyn.vi" "get.harshest.punishment" "solve.game" 
"get.full.dyn.vi" "get.harshest.punishment" "solve.game" 
"get.full.dyn.vi" "get.harshest.punishment" "solve.game" 
"get.full.dyn.vi" "get.harshest.punishment" "solve.game" 
"solve.default" "solve" "policy_iteration" "get.full.dyn.vi" "get.harshest.punishment" "solve.game" 
"solve.default" "solve" "policy_iteration" "get.full.dyn.vi" "get.harshest.punishment" "solve.game" 
"policy_iteration" "get.full.dyn.vi" "get.harshest.punishment" "solve.game" 
"solve.default" "solve" "policy_iteration" "get.full.dyn.vi" "get.harshest.punishment" "solve.game" 
"policy_iteration" "get.full.dyn.vi" "get.harshest.punishment" "solve.game" 
"solve.default" "solve" "policy_iteration" "get.full.dyn.vi" "get.harshest.punishment" "solve.game" 
"%*%" "policy_iteration" "get.full.dyn.vi" "get.harshest.punishment" "solve.game" 
"solve.default" "solve" "policy_iteration" "get.full.dyn.vi" "get.harshest.punishment" "solve.game" 
"solve.default" "solve" "policy_iteration" "get.full.dyn.vi" "get.harshest.punishment" "solve.game" 
"%*%" "get.cheating.payoffs" "get.harshest.punishment" "solve.game" 
"%*%" "get.cheating.payoffs" "get.harshest.punishment" "solve.game" 
"%*%" "get.cheating.payoffs" "get.harshest.punishment" "solve.game" 
"%*%" "get.cheating.payoffs" "get.harshest.punishment" "solve.game" 
"%*%" "get.cheating.payoffs" "get.harshest.punishment" "solve.game" 
"%*%" "get.cheating.payoffs" "get.cheating.payoffs.ax" "solve.game" 
"%*%" "get.cheating.payoffs" "get.cheating.payoffs.ax" "solve.game" 
"%*%" "get.cheating.payoffs" "get.cheating.payoffs.ax" "solve.game" 
"%*%" "get.cheating.payoffs" "get.cheating.payoffs.ax" "solve.game" 
"$" "get.cheating.payoffs.ax" "solve.game" 
"unlist" "rows.to.v.ind" "get.full.dyn.vi" "get.harshest.punishment" "solve.game" 
"get.full.dyn.vi" "get.harshest.punishment" "solve.game" 
"get.full.dyn.vi" "get.harshest.punishment" "solve.game" 
"get.full.dyn.vi" "get.harshest.punishment" "solve.game" 
"policy_iteration" "get.full.dyn.vi" "get.harshest.punishment" "solve.game" 
"solve.default" "solve" "policy_iteration" "get.full.dyn.vi" "get.harshest.punishment" "solve.game" 
"policy_iteration" "get.full.dyn.vi" "get.harshest.punishment" "solve.game" 
"solve.default" "solve" "policy_iteration" "get.full.dyn.vi" "get.harshest.punishment" "solve.game" 
"%*%" "policy_iteration" "get.full.dyn.vi" "get.harshest.punishment" "solve.game" 
"diag" "solve" "policy_iteration" "get.full.dyn.vi" "get.harshest.punishment" "solve.game" 
"solve.default" "solve" "policy_iteration" "get.full.dyn.vi" "get.harshest.punishment" "solve.game" 
"policy_iteration" "get.full.dyn.vi" "get.harshest.punishment" "solve.game" 
"solve.default" "solve" "policy_iteration" "get.full.dyn.vi" "get.harshest.punishment" "solve.game" 
"%*%" "policy_iteration" "get.full.dyn.vi" "get.harshest.punishment" "solve.game" 
"%*%" "get.cheating.payoffs" "get.harshest.punishment" "solve.game" 
"%*%" "get.cheating.payoffs" "get.harshest.punishment" "solve.game" 
"%*%" "get.cheating.payoffs" "get.harshest.punishment" "solve.game" 
"%*%" "get.cheating.payoffs" "get.harshest.punishment" "solve.game" 
"get.full.dyn.vi" "get.harshest.punishment" "solve.game" 
"get.full.dyn.vi" "get.harshest.punishment" "solve.game" 
"get.full.dyn.vi" "get.harshest.punishment" "solve.game" 
"get.full.dyn.vi" "get.harshest.punishment" "solve.game" 
"solve.default" "solve" "policy_iteration" "get.full.dyn.vi" "get.harshest.punishment" "solve.game" 
"%*%" "policy_iteration" "get.full.dyn.vi" "get.harshest.punishment" "solve.game" 
"solve.default" "solve" "policy_iteration" "get.full.dyn.vi" "get.harshest.punishment" "solve.game" 
"%*%" "policy_iteration" "get.full.dyn.vi" "get.harshest.punishment" "solve.game" 
"solve.default" "solve" "policy_iteration" "get.full.dyn.vi" "get.harshest.punishment" "solve.game" 
"%*%" "policy_iteration" "get.full.dyn.vi" "get.harshest.punishment" "solve.game" 
"solve.default" "solve" "policy_iteration" "get.full.dyn.vi" "get.harshest.punishment" "solve.game" 
"solve.default" "solve" "policy_iteration" "get.full.dyn.vi" "get.harshest.punishment" "solve.game" 
"%*%" "get.cheating.payoffs" "get.harshest.punishment" "solve.game" 
"%*%" "get.cheating.payoffs" "get.harshest.punishment" "solve.game" 
"%*%" "get.cheating.payoffs" "get.harshest.punishment" "solve.game" 
"%*%" "get.cheating.payoffs" "get.harshest.punishment" "solve.game" 
"get.cheating.payoffs" "get.harshest.punishment" "solve.game" 
"get.full.dyn.vi" "get.harshest.punishment" "solve.game" 
"get.full.dyn.vi" "get.harshest.punishment" "solve.game" 
"get.full.dyn.vi" "get.harshest.punishment" "solve.game" 
"get.full.dyn.vi" "get.harshest.punishment" "solve.game" 
"solve.default" "solve" "policy_iteration" "get.full.dyn.vi" "get.harshest.punishment" "solve.game" 
"%*%" "policy_iteration" "get.full.dyn.vi" "get.harshest.punishment" "solve.game" 
"*" "solve" "policy_iteration" "get.full.dyn.vi" "get.harshest.punishment" "solve.game" 
"solve.default" "solve" "policy_iteration" "get.full.dyn.vi" "get.harshest.punishment" "solve.game" 
"policy_iteration" "get.full.dyn.vi" "get.harshest.punishment" "solve.game" 
"solve.default" "solve" "policy_iteration" "get.full.dyn.vi" "get.harshest.punishment" "solve.game" 
"all.equal.numeric" "all.equal" "isTRUE" "approxeq" "policy_iteration" "get.full.dyn.vi" "get.harshest.punishment" "solve.game" 
"solve.default" "solve" "policy_iteration" "get.full.dyn.vi" "get.harshest.punishment" "solve.game" 
"%*%" "policy_iteration" "get.full.dyn.vi" "get.harshest.punishment" "solve.game" 
"%*%" "get.cheating.payoffs" "get.harshest.punishment" "solve.game" 
"%*%" "get.cheating.payoffs" "get.harshest.punishment" "solve.game" 
"%*%" "get.cheating.payoffs" "get.harshest.punishment" "solve.game" 
"%*%" "get.cheating.payoffs" "get.harshest.punishment" "solve.game" 
"FUN" "lapply" "sapply" "unlist" "rows.to.v.ind" "get.full.dyn.vi" "get.harshest.punishment" "solve.game" 
"FUN" "lapply" "sapply" "unlist" "rows.to.v.ind" "get.full.dyn.vi" "get.harshest.punishment" "solve.game" 
"get.full.dyn.vi" "get.harshest.punishment" "solve.game" 
"get.full.dyn.vi" "get.harshest.punishment" "solve.game" 
"get.full.dyn.vi" "get.harshest.punishment" "solve.game" 
"get.full.dyn.vi" "get.harshest.punishment" "solve.game" 
"policy_iteration" "get.full.dyn.vi" "get.harshest.punishment" "solve.game" 
"solve.default" "solve" "policy_iteration" "get.full.dyn.vi" "get.harshest.punishment" "solve.game" 
"policy_iteration" "get.full.dyn.vi" "get.harshest.punishment" "solve.game" 
"solve.default" "solve" "policy_iteration" "get.full.dyn.vi" "get.harshest.punishment" "solve.game" 
"policy_iteration" "get.full.dyn.vi" "get.harshest.punishment" "solve.game" 
"solve.default" "solve" "policy_iteration" "get.full.dyn.vi" "get.harshest.punishment" "solve.game" 
"%*%" "policy_iteration" "get.full.dyn.vi" "get.harshest.punishment" "solve.game" 
"solve.default" "solve" "policy_iteration" "get.full.dyn.vi" "get.harshest.punishment" "solve.game" 
"%*%" "policy_iteration" "get.full.dyn.vi" "get.harshest.punishment" "solve.game" 
"%*%" "get.cheating.payoffs" "get.harshest.punishment" "solve.game" 
"%*%" "get.cheating.payoffs" "get.harshest.punishment" "solve.game" 
"%*%" "get.cheating.payoffs" "get.harshest.punishment" "solve.game" 
"%*%" "get.cheating.payoffs" "get.harshest.punishment" "solve.game" 
"match" "get.harshest.punishment" "solve.game" 
"%*%" "get.cheating.payoffs" "get.cheating.payoffs.ax" "solve.game" 
"%*%" "get.cheating.payoffs" "get.cheating.payoffs.ax" "solve.game" 
"%*%" "get.cheating.payoffs" "get.cheating.payoffs.ax" "solve.game" 
"%*%" "get.cheating.payoffs" "get.cheating.payoffs.ax" "solve.game" 
"get.cheating.payoffs" "get.cheating.payoffs.ax" "solve.game" 
"solve.game" 
"solve.game" 
"solve.game" 
"solve.game" 
"solve.game" 
"solve.game" 
"solve.game" 
"solve.game" 
"solve.game" 
"solve.game" 
"solve.game" 
"solve.game" 
"solve.game" 
"solve.game" 
"solve.game" 
"solve.game" 
"solve.game" 
"solve.game" 
"solve.game" 
"solve.game" 
"solve.game" 
"solve.game" 
"solve.game" 
"solve.game" 
"solve.game" 
"solve.game" 
"solve.game" 
"solve.game" 
"solve.game" 
"solve.game" 
"solve.game" 
"solve.game" 
"solve.game" 
"solve.game" 
"solve.game" 
"solve.game" 
"solve.game" 
"solve.game" 
"solve.game" 
"solve.game" 
"solve.game" 
"solve.game" 
"solve.game" 
"%*%" "solve.game" 
"%*%" "solve.game" 
"%*%" "solve.game" 
"rowSums" "which" "solve.game" 
"match" "%in%" "solve.game" 
".External2" "plot.new" "plot.default" "plot" "solve.game" 
"plot.xy" "plot.default" "plot" "solve.game" 
"plot.xy" "points.default" "points" "solve.game" 
"get.highest.joint.payoff" "solve.game" 
"get.highest.joint.payoff" "solve.game" 
"get.highest.joint.payoff" "solve.game" 
"get.highest.joint.payoff" "solve.game" 
"get.highest.joint.payoff" "solve.game" 
"get.highest.joint.payoff" "solve.game" 
"get.highest.joint.payoff" "solve.game" 
"get.highest.joint.payoff" "solve.game" 
"get.highest.joint.payoff" "solve.game" 
"get.highest.joint.payoff" "solve.game" 
"get.highest.joint.payoff" "solve.game" 
"get.highest.joint.payoff" "solve.game" 
"get.highest.joint.payoff" "solve.game" 
"policy_iteration" "get.highest.joint.payoff" "solve.game" 
"solve.default" "solve" "policy_iteration" "get.highest.joint.payoff" "solve.game" 
"%*%" "policy_iteration" "get.highest.joint.payoff" "solve.game" 
"policy_iteration" "get.highest.joint.payoff" "solve.game" 
"as.matrix" "solve.default" "solve" "policy_iteration" "get.highest.joint.payoff" "solve.game" 
"as.matrix" "solve.default" "solve" "policy_iteration" "get.highest.joint.payoff" "solve.game" 
"as.matrix" "solve.default" "solve" "policy_iteration" "get.highest.joint.payoff" "solve.game" 
"as.matrix" "solve.default" "solve" "policy_iteration" "get.highest.joint.payoff" "solve.game" 
"as.matrix" "solve.default" "solve" "policy_iteration" "get.highest.joint.payoff" "solve.game" 
"as.matrix" "solve.default" "solve" "policy_iteration" "get.highest.joint.payoff" "solve.game" 
"solve.default" "solve" "policy_iteration" "get.highest.joint.payoff" "solve.game" 
"solve.default" "solve" "policy_iteration" "get.highest.joint.payoff" "solve.game" 
"%*%" "policy_iteration" "get.highest.joint.payoff" "solve.game" 
"policy_iteration" "get.highest.joint.payoff" "solve.game" 
"solve.default" "solve" "policy_iteration" "get.highest.joint.payoff" "solve.game" 
"%*%" "policy_iteration" "get.highest.joint.payoff" "solve.game" 
"solve.default" "solve" "policy_iteration" "get.highest.joint.payoff" "solve.game" 
"%*%" "policy_iteration" "get.highest.joint.payoff" "solve.game" 
"policy_iteration" "get.highest.joint.payoff" "solve.game" 
"solve" "policy_iteration" "get.highest.joint.payoff" "solve.game" 
"solve.default" "solve" "policy_iteration" "get.highest.joint.payoff" "solve.game" 
"solve.default" "solve" "policy_iteration" "get.highest.joint.payoff" "solve.game" 
"all.equal.numeric" "all.equal" "isTRUE" "approxeq" "policy_iteration" "get.highest.joint.payoff" "solve.game" 
"solve.default" "solve" "policy_iteration" "get.highest.joint.payoff" "solve.game" 
"%*%" "policy_iteration" "get.highest.joint.payoff" "solve.game" 
"match" "get.harshest.punishment" "solve.game" 
"get.full.dyn.vi" "get.harshest.punishment" "solve.game" 
"get.full.dyn.vi" "get.harshest.punishment" "solve.game" 
"get.full.dyn.vi" "get.harshest.punishment" "solve.game" 
"get.full.dyn.vi" "get.harshest.punishment" "solve.game" 
"solve.default" "solve" "policy_iteration" "get.full.dyn.vi" "get.harshest.punishment" "solve.game" 
"%*%" "policy_iteration" "get.full.dyn.vi" "get.harshest.punishment" "solve.game" 
"solve.default" "solve" "policy_iteration" "get.full.dyn.vi" "get.harshest.punishment" "solve.game" 
"all.equal" "isTRUE" "approxeq" "policy_iteration" "get.full.dyn.vi" "get.harshest.punishment" "solve.game" 
"solve.default" "solve" "policy_iteration" "get.full.dyn.vi" "get.harshest.punishment" "solve.game" 
"policy_iteration" "get.full.dyn.vi" "get.harshest.punishment" "solve.game" 
"solve.default" "solve" "policy_iteration" "get.full.dyn.vi" "get.harshest.punishment" "solve.game" 
"%*%" "get.cheating.payoffs" "get.harshest.punishment" "solve.game" 
"%*%" "get.cheating.payoffs" "get.harshest.punishment" "solve.game" 
"%*%" "get.cheating.payoffs" "get.harshest.punishment" "solve.game" 
"%*%" "get.cheating.payoffs" "get.harshest.punishment" "solve.game" 
"get.full.dyn.vi" "get.harshest.punishment" "solve.game" 
"get.full.dyn.vi" "get.harshest.punishment" "solve.game" 
"get.full.dyn.vi" "get.harshest.punishment" "solve.game" 
"policy_iteration" "get.full.dyn.vi" "get.harshest.punishment" "solve.game" 
"*" "solve" "policy_iteration" "get.full.dyn.vi" "get.harshest.punishment" "solve.game" 
"*" "solve" "policy_iteration" "get.full.dyn.vi" "get.harshest.punishment" "solve.game" 
"*" "solve" "policy_iteration" "get.full.dyn.vi" "get.harshest.punishment" "solve.game" 
"*" "solve" "policy_iteration" "get.full.dyn.vi" "get.harshest.punishment" "solve.game" 
"*" "solve" "policy_iteration" "get.full.dyn.vi" "get.harshest.punishment" "solve.game" 
"solve.default" "solve" "policy_iteration" "get.full.dyn.vi" "get.harshest.punishment" "solve.game" 
"solve.default" "solve" "policy_iteration" "get.full.dyn.vi" "get.harshest.punishment" "solve.game" 
"policy_iteration" "get.full.dyn.vi" "get.harshest.punishment" "solve.game" 
"solve.default" "solve" "policy_iteration" "get.full.dyn.vi" "get.harshest.punishment" "solve.game" 
"%*%" "policy_iteration" "get.full.dyn.vi" "get.harshest.punishment" "solve.game" 
"solve.default" "solve" "policy_iteration" "get.full.dyn.vi" "get.harshest.punishment" "solve.game" 
"%*%" "policy_iteration" "get.full.dyn.vi" "get.harshest.punishment" "solve.game" 
"solve.default" "solve" "policy_iteration" "get.full.dyn.vi" "get.harshest.punishment" "solve.game" 
"solve.default" "solve" "policy_iteration" "get.full.dyn.vi" "get.harshest.punishment" "solve.game" 
"%*%" "get.cheating.payoffs" "get.harshest.punishment" "solve.game" 
"%*%" "get.cheating.payoffs" "get.harshest.punishment" "solve.game" 
"%*%" "get.cheating.payoffs" "get.harshest.punishment" "solve.game" 
"%*%" "get.cheating.payoffs" "get.harshest.punishment" "solve.game" 
"%*%" "get.cheating.payoffs" "get.harshest.punishment" "solve.game" 
"get.full.dyn.vi" "get.harshest.punishment" "solve.game" 
"get.full.dyn.vi" "get.harshest.punishment" "solve.game" 
"get.full.dyn.vi" "get.harshest.punishment" "solve.game" 
"get.full.dyn.vi" "get.harshest.punishment" "solve.game" 
"policy_iteration" "get.full.dyn.vi" "get.harshest.punishment" "solve.game" 
"solve.default" "solve" "policy_iteration" "get.full.dyn.vi" "get.harshest.punishment" "solve.game" 
"policy_iteration" "get.full.dyn.vi" "get.harshest.punishment" "solve.game" 
"solve.default" "solve" "policy_iteration" "get.full.dyn.vi" "get.harshest.punishment" "solve.game" 
"all.equal.numeric" "all.equal" "isTRUE" "approxeq" "policy_iteration" "get.full.dyn.vi" "get.harshest.punishment" "solve.game" 
"solve.default" "solve" "policy_iteration" "get.full.dyn.vi" "get.harshest.punishment" "solve.game" 
"%*%" "policy_iteration" "get.full.dyn.vi" "get.harshest.punishment" "solve.game" 
"solve.default" "solve" "policy_iteration" "get.full.dyn.vi" "get.harshest.punishment" "solve.game" 
"solve.default" "solve" "policy_iteration" "get.full.dyn.vi" "get.harshest.punishment" "solve.game" 
"%*%" "get.cheating.payoffs" "get.harshest.punishment" "solve.game" 
"%*%" "get.cheating.payoffs" "get.harshest.punishment" "solve.game" 
"%*%" "get.cheating.payoffs" "get.harshest.punishment" "solve.game" 
"%*%" "get.cheating.payoffs" "get.harshest.punishment" "solve.game" 
"get.cheating.payoffs" "get.cheating.payoffs.ax" "solve.game" 
"%*%" "get.cheating.payoffs" "get.cheating.payoffs.ax" "solve.game" 
"%*%" "get.cheating.payoffs" "get.cheating.payoffs.ax" "solve.game" 
"%*%" "get.cheating.payoffs" "get.cheating.payoffs.ax" "solve.game" 
"%*%" "get.cheating.payoffs" "get.cheating.payoffs.ax" "solve.game" 
"FUN" "lapply" "sapply" "unlist" "rows.to.v.ind" "get.full.dyn.vi" "get.harshest.punishment" "solve.game" 
"get.full.dyn.vi" "get.harshest.punishment" "solve.game" 
"get.full.dyn.vi" "get.harshest.punishment" "solve.game" 
"get.full.dyn.vi" "get.harshest.punishment" "solve.game" 
"get.full.dyn.vi" "get.harshest.punishment" "solve.game" 
"policy_iteration" "get.full.dyn.vi" "get.harshest.punishment" "solve.game" 
"solve.default" "solve" "policy_iteration" "get.full.dyn.vi" "get.harshest.punishment" "solve.game" 
"policy_iteration" "get.full.dyn.vi" "get.harshest.punishment" "solve.game" 
"solve.default" "solve" "policy_iteration" "get.full.dyn.vi" "get.harshest.punishment" "solve.game" 
"policy_iteration" "get.full.dyn.vi" "get.harshest.punishment" "solve.game" 
"solve.default" "solve" "policy_iteration" "get.full.dyn.vi" "get.harshest.punishment" "solve.game" 
"%*%" "policy_iteration" "get.full.dyn.vi" "get.harshest.punishment" "solve.game" 
"solve.default" "solve" "policy_iteration" "get.full.dyn.vi" "get.harshest.punishment" "solve.game" 
"%*%" "policy_iteration" "get.full.dyn.vi" "get.harshest.punishment" "solve.game" 
"%*%" "get.cheating.payoffs" "get.harshest.punishment" "solve.game" 
"%*%" "get.cheating.payoffs" "get.harshest.punishment" "solve.game" 
"%*%" "get.cheating.payoffs" "get.harshest.punishment" "solve.game" 
"%*%" "get.cheating.payoffs" "get.harshest.punishment" "solve.game" 
"get.full.dyn.vi" "get.harshest.punishment" "solve.game" 
"get.full.dyn.vi" "get.harshest.punishment" "solve.game" 
"get.full.dyn.vi" "get.harshest.punishment" "solve.game" 
"policy_iteration" "get.full.dyn.vi" "get.harshest.punishment" "solve.game" 
"solve.default" "solve" "policy_iteration" "get.full.dyn.vi" "get.harshest.punishment" "solve.game" 
"policy_iteration" "get.full.dyn.vi" "get.harshest.punishment" "solve.game" 
"solve.default" "solve" "policy_iteration" "get.full.dyn.vi" "get.harshest.punishment" "solve.game" 
"%*%" "policy_iteration" "get.full.dyn.vi" "get.harshest.punishment" "solve.game" 
"*" "solve" "policy_iteration" "get.full.dyn.vi" "get.harshest.punishment" "solve.game" 
"solve.default" "solve" "policy_iteration" "get.full.dyn.vi" "get.harshest.punishment" "solve.game" 
"%*%" "policy_iteration" "get.full.dyn.vi" "get.harshest.punishment" "solve.game" 
"solve.default" "solve" "policy_iteration" "get.full.dyn.vi" "get.harshest.punishment" "solve.game" 
"solve.default" "solve" "policy_iteration" "get.full.dyn.vi" "get.harshest.punishment" "solve.game" 
"%*%" "get.cheating.payoffs" "get.harshest.punishment" "solve.game" 
"%*%" "get.cheating.payoffs" "get.harshest.punishment" "solve.game" 
"%*%" "get.cheating.payoffs" "get.harshest.punishment" "solve.game" 
"%*%" "get.cheating.payoffs" "get.harshest.punishment" "solve.game" 
"%*%" "get.cheating.payoffs" "get.harshest.punishment" "solve.game" 
"get.full.dyn.vi" "get.harshest.punishment" "solve.game" 
"get.full.dyn.vi" "get.harshest.punishment" "solve.game" 
"get.full.dyn.vi" "get.harshest.punishment" "solve.game" 
"get.full.dyn.vi" "get.harshest.punishment" "solve.game" 
"policy_iteration" "get.full.dyn.vi" "get.harshest.punishment" "solve.game" 
"solve.default" "solve" "policy_iteration" "get.full.dyn.vi" "get.harshest.punishment" "solve.game" 
"solve.default" "solve" "policy_iteration" "get.full.dyn.vi" "get.harshest.punishment" "solve.game" 
"policy_iteration" "get.full.dyn.vi" "get.harshest.punishment" "solve.game" 
"solve.default" "solve" "policy_iteration" "get.full.dyn.vi" "get.harshest.punishment" "solve.game" 
"policy_iteration" "get.full.dyn.vi" "get.harshest.punishment" "solve.game" 
"solve.default" "solve" "policy_iteration" "get.full.dyn.vi" "get.harshest.punishment" "solve.game" 
"%*%" "policy_iteration" "get.full.dyn.vi" "get.harshest.punishment" "solve.game" 
"solve.default" "solve" "policy_iteration" "get.full.dyn.vi" "get.harshest.punishment" "solve.game" 
"solve.default" "solve" "policy_iteration" "get.full.dyn.vi" "get.harshest.punishment" "solve.game" 
"get.cheating.payoffs" "get.harshest.punishment" "solve.game" 
"%*%" "get.cheating.payoffs" "get.harshest.punishment" "solve.game" 
"%*%" "get.cheating.payoffs" "get.harshest.punishment" "solve.game" 
"%*%" "get.cheating.payoffs" "get.harshest.punishment" "solve.game" 
"%*%" "get.cheating.payoffs" "get.harshest.punishment" "solve.game" 
"get.cheating.payoffs" "get.cheating.payoffs.ax" "solve.game" 
"%*%" "get.cheating.payoffs" "get.cheating.payoffs.ax" "solve.game" 
"%*%" "get.cheating.payoffs" "get.cheating.payoffs.ax" "solve.game" 
"%*%" "get.cheating.payoffs" "get.cheating.payoffs.ax" "solve.game" 
"%*%" "get.cheating.payoffs" "get.cheating.payoffs.ax" "solve.game" 
"solve.game" 
"solve.game" 
"solve.game" 
"solve.game" 
"solve.game" 
"solve.game" 
"solve.game" 
"solve.game" 
"solve.game" 
"solve.game" 
"solve.game" 
"solve.game" 
"%*%" "solve.game" 
".External2" "plot.new" "plot.default" "plot" "solve.game" 
"plot.xy" "plot.default" "plot" "solve.game" 
"plot.xy" "points.default" "points" "solve.game" 
"get.highest.joint.payoff" "solve.game" 
"get.highest.joint.payoff" "solve.game" 
"get.highest.joint.payoff" "solve.game" 
"get.highest.joint.payoff" "solve.game" 
"get.highest.joint.payoff" "solve.game" 
"get.highest.joint.payoff" "solve.game" 
"get.highest.joint.payoff" "solve.game" 
"get.highest.joint.payoff" "solve.game" 
"get.highest.joint.payoff" "solve.game" 
"get.highest.joint.payoff" "solve.game" 
"policy_iteration" "get.highest.joint.payoff" "solve.game" 
"solve.default" "solve" "policy_iteration" "get.highest.joint.payoff" "solve.game" 
"%*%" "policy_iteration" "get.highest.joint.payoff" "solve.game" 
"policy_iteration" "get.highest.joint.payoff" "solve.game" 
"solve" "policy_iteration" "get.highest.joint.payoff" "solve.game" 
"solve" "policy_iteration" "get.highest.joint.payoff" "solve.game" 
"solve" "policy_iteration" "get.highest.joint.payoff" "solve.game" 
"solve" "policy_iteration" "get.highest.joint.payoff" "solve.game" 
"solve" "policy_iteration" "get.highest.joint.payoff" "solve.game" 
"solve.default" "solve" "policy_iteration" "get.highest.joint.payoff" "solve.game" 
"%*%" "policy_iteration" "get.highest.joint.payoff" "solve.game" 
"policy_iteration" "get.highest.joint.payoff" "solve.game" 
"solve.default" "solve" "policy_iteration" "get.highest.joint.payoff" "solve.game" 
"%*%" "policy_iteration" "get.highest.joint.payoff" "solve.game" 
"policy_iteration" "get.highest.joint.payoff" "solve.game" 
"solve.default" "solve" "policy_iteration" "get.highest.joint.payoff" "solve.game" 
"%*%" "policy_iteration" "get.highest.joint.payoff" "solve.game" 
"policy_iteration" "get.highest.joint.payoff" "solve.game" 
"policy_iteration" "get.highest.joint.payoff" "solve.game" 
"solve.default" "solve" "policy_iteration" "get.highest.joint.payoff" "solve.game" 
"%*%" "policy_iteration" "get.highest.joint.payoff" "solve.game" 
"policy_iteration" "get.highest.joint.payoff" "solve.game" 
"solve.default" "solve" "policy_iteration" "get.highest.joint.payoff" "solve.game" 
"%*%" "policy_iteration" "get.highest.joint.payoff" "solve.game" 
"match" "get.harshest.punishment" "solve.game" 
"get.full.dyn.vi" "get.harshest.punishment" "solve.game" 
"get.full.dyn.vi" "get.harshest.punishment" "solve.game" 
"get.full.dyn.vi" "get.harshest.punishment" "solve.game" 
"get.full.dyn.vi" "get.harshest.punishment" "solve.game" 
"get.full.dyn.vi" "get.harshest.punishment" "solve.game" 
"get.full.dyn.vi" "get.harshest.punishment" "solve.game" 
"policy_iteration" "get.full.dyn.vi" "get.harshest.punishment" "solve.game" 
"solve.default" "solve" "policy_iteration" "get.full.dyn.vi" "get.harshest.punishment" "solve.game" 
"policy_iteration" "get.full.dyn.vi" "get.harshest.punishment" "solve.game" 
"solve.default" "solve" "policy_iteration" "get.full.dyn.vi" "get.harshest.punishment" "solve.game" 
"%*%" "policy_iteration" "get.full.dyn.vi" "get.harshest.punishment" "solve.game" 
"solve.default" "solve" "policy_iteration" "get.full.dyn.vi" "get.harshest.punishment" "solve.game" 
"%*%" "policy_iteration" "get.full.dyn.vi" "get.harshest.punishment" "solve.game" 
"solve.default" "solve" "policy_iteration" "get.full.dyn.vi" "get.harshest.punishment" "solve.game" 
"solve.default" "solve" "policy_iteration" "get.full.dyn.vi" "get.harshest.punishment" "solve.game" 
"%*%" "get.cheating.payoffs" "get.harshest.punishment" "solve.game" 
"%*%" "get.cheating.payoffs" "get.harshest.punishment" "solve.game" 
"%*%" "get.cheating.payoffs" "get.harshest.punishment" "solve.game" 
"%*%" "get.cheating.payoffs" "get.harshest.punishment" "solve.game" 
"get.full.dyn.vi" "get.harshest.punishment" "solve.game" 
"get.full.dyn.vi" "get.harshest.punishment" "solve.game" 
"get.full.dyn.vi" "get.harshest.punishment" "solve.game" 
"policy_iteration" "get.full.dyn.vi" "get.harshest.punishment" "solve.game" 
"solve.default" "solve" "policy_iteration" "get.full.dyn.vi" "get.harshest.punishment" "solve.game" 
"policy_iteration" "get.full.dyn.vi" "get.harshest.punishment" "solve.game" 
"solve.default" "solve" "policy_iteration" "get.full.dyn.vi" "get.harshest.punishment" "solve.game" 
"%*%" "policy_iteration" "get.full.dyn.vi" "get.harshest.punishment" "solve.game" 
"solve.default" "solve" "policy_iteration" "get.full.dyn.vi" "get.harshest.punishment" "solve.game" 
"%*%" "policy_iteration" "get.full.dyn.vi" "get.harshest.punishment" "solve.game" 
"solve.default" "solve" "policy_iteration" "get.full.dyn.vi" "get.harshest.punishment" "solve.game" 
"solve.default" "solve" "policy_iteration" "get.full.dyn.vi" "get.harshest.punishment" "solve.game" 
"%*%" "get.cheating.payoffs" "get.harshest.punishment" "solve.game" 
"%*%" "get.cheating.payoffs" "get.harshest.punishment" "solve.game" 
"%*%" "get.cheating.payoffs" "get.harshest.punishment" "solve.game" 
"%*%" "get.cheating.payoffs" "get.harshest.punishment" "solve.game" 
"+" "C_RowMaxs_VectorList" "RowMaxs.VectorListInd" "RowMaxs" "get.cheating.payoffs" "get.harshest.punishment" "solve.game" 
"get.full.dyn.vi" "get.harshest.punishment" "solve.game" 
"get.full.dyn.vi" "get.harshest.punishment" "solve.game" 
"get.full.dyn.vi" "get.harshest.punishment" "solve.game" 
"get.full.dyn.vi" "get.harshest.punishment" "solve.game" 
"solve.default" "solve" "policy_iteration" "get.full.dyn.vi" "get.harshest.punishment" "solve.game" 
"*" "policy_iteration" "get.full.dyn.vi" "get.harshest.punishment" "solve.game" 
"solve.default" "solve" "policy_iteration" "get.full.dyn.vi" "get.harshest.punishment" "solve.game" 
"solve.default" "solve" "policy_iteration" "get.full.dyn.vi" "get.harshest.punishment" "solve.game" 
"solve.default" "solve" "policy_iteration" "get.full.dyn.vi" "get.harshest.punishment" "solve.game" 
"solve.default" "solve" "policy_iteration" "get.full.dyn.vi" "get.harshest.punishment" "solve.game" 
"solve.default" "solve" "policy_iteration" "get.full.dyn.vi" "get.harshest.punishment" "solve.game" 
"solve.default" "solve" "policy_iteration" "get.full.dyn.vi" "get.harshest.punishment" "solve.game" 
"%*%" "get.cheating.payoffs" "get.harshest.punishment" "solve.game" 
"%*%" "get.cheating.payoffs" "get.harshest.punishment" "solve.game" 
"%*%" "get.cheating.payoffs" "get.harshest.punishment" "solve.game" 
"%*%" "get.cheating.payoffs" "get.harshest.punishment" "solve.game" 
"%*%" "get.cheating.payoffs" "get.cheating.payoffs.ax" "solve.game" 
"%*%" "get.cheating.payoffs" "get.cheating.payoffs.ax" "solve.game" 
"%*%" "get.cheating.payoffs" "get.cheating.payoffs.ax" "solve.game" 
"%*%" "get.cheating.payoffs" "get.cheating.payoffs.ax" "solve.game" 
"get.full.dyn.vi" "get.harshest.punishment" "solve.game" 
"get.full.dyn.vi" "get.harshest.punishment" "solve.game" 
"get.full.dyn.vi" "get.harshest.punishment" "solve.game" 
"policy_iteration" "get.full.dyn.vi" "get.harshest.punishment" "solve.game" 
"solve.default" "solve" "policy_iteration" "get.full.dyn.vi" "get.harshest.punishment" "solve.game" 
"policy_iteration" "get.full.dyn.vi" "get.harshest.punishment" "solve.game" 
"solve.default" "solve" "policy_iteration" "get.full.dyn.vi" "get.harshest.punishment" "solve.game" 
"%*%" "policy_iteration" "get.full.dyn.vi" "get.harshest.punishment" "solve.game" 
"solve.default" "solve" "policy_iteration" "get.full.dyn.vi" "get.harshest.punishment" "solve.game" 
"solve.default" "solve" "policy_iteration" "get.full.dyn.vi" "get.harshest.punishment" "solve.game" 
"policy_iteration" "get.full.dyn.vi" "get.harshest.punishment" "solve.game" 
"solve.default" "solve" "policy_iteration" "get.full.dyn.vi" "get.harshest.punishment" "solve.game" 
"get.cheating.payoffs" "get.harshest.punishment" "solve.game" 
"%*%" "get.cheating.payoffs" "get.harshest.punishment" "solve.game" 
"%*%" "get.cheating.payoffs" "get.harshest.punishment" "solve.game" 
"%*%" "get.cheating.payoffs" "get.harshest.punishment" "solve.game" 
"%*%" "get.cheating.payoffs" "get.harshest.punishment" "solve.game" 
"get.full.dyn.vi" "get.harshest.punishment" "solve.game" 
"get.full.dyn.vi" "get.harshest.punishment" "solve.game" 
"get.full.dyn.vi" "get.harshest.punishment" "solve.game" 
"get.full.dyn.vi" "get.harshest.punishment" "solve.game" 
"-" "solve" "policy_iteration" "get.full.dyn.vi" "get.harshest.punishment" "solve.game" 
"solve.default" "solve" "policy_iteration" "get.full.dyn.vi" "get.harshest.punishment" "solve.game" 
"policy_iteration" "get.full.dyn.vi" "get.harshest.punishment" "solve.game" 
"solve.default" "solve" "policy_iteration" "get.full.dyn.vi" "get.harshest.punishment" "solve.game" 
"%*%" "policy_iteration" "get.full.dyn.vi" "get.harshest.punishment" "solve.game" 
"policy_iteration" "get.full.dyn.vi" "get.harshest.punishment" "solve.game" 
"solve.default" "solve" "policy_iteration" "get.full.dyn.vi" "get.harshest.punishment" "solve.game" 
"solve.default" "solve" "policy_iteration" "get.full.dyn.vi" "get.harshest.punishment" "solve.game" 
"%*%" "policy_iteration" "get.full.dyn.vi" "get.harshest.punishment" "solve.game" 
"solve.default" "solve" "policy_iteration" "get.full.dyn.vi" "get.harshest.punishment" "solve.game" 
"solve.default" "solve" "policy_iteration" "get.full.dyn.vi" "get.harshest.punishment" "solve.game" 
"all" "stopifnot" "which.RowMaxs.VectorListInd" "which.RowMaxs" "policy_iteration" "get.full.dyn.vi" "get.harshest.punishment" "solve.game" 
"%*%" "get.cheating.payoffs" "get.harshest.punishment" "solve.game" 
"%*%" "get.cheating.payoffs" "get.harshest.punishment" "solve.game" 
"%*%" "get.cheating.payoffs" "get.harshest.punishment" "solve.game" 
"%*%" "get.cheating.payoffs" "get.harshest.punishment" "solve.game" 
"FUN" "lapply" "sapply" "unlist" "rows.to.v.ind" "get.full.dyn.vi" "get.harshest.punishment" "solve.game" 
"get.full.dyn.vi" "get.harshest.punishment" "solve.game" 
"get.full.dyn.vi" "get.harshest.punishment" "solve.game" 
"get.full.dyn.vi" "get.harshest.punishment" "solve.game" 
"solve.default" "solve" "policy_iteration" "get.full.dyn.vi" "get.harshest.punishment" "solve.game" 
"solve.default" "solve" "policy_iteration" "get.full.dyn.vi" "get.harshest.punishment" "solve.game" 
"solve.default" "solve" "policy_iteration" "get.full.dyn.vi" "get.harshest.punishment" "solve.game" 
"%*%" "policy_iteration" "get.full.dyn.vi" "get.harshest.punishment" "solve.game" 
"solve.default" "solve" "policy_iteration" "get.full.dyn.vi" "get.harshest.punishment" "solve.game" 
"solve.default" "solve" "policy_iteration" "get.full.dyn.vi" "get.harshest.punishment" "solve.game" 
"solve.default" "solve" "policy_iteration" "get.full.dyn.vi" "get.harshest.punishment" "solve.game" 
"solve.default" "solve" "policy_iteration" "get.full.dyn.vi" "get.harshest.punishment" "solve.game" 
"%*%" "get.cheating.payoffs" "get.harshest.punishment" "solve.game" 
"%*%" "get.cheating.payoffs" "get.harshest.punishment" "solve.game" 
"%*%" "get.cheating.payoffs" "get.harshest.punishment" "solve.game" 
"%*%" "get.cheating.payoffs" "get.harshest.punishment" "solve.game" 
"%*%" "get.cheating.payoffs" "get.cheating.payoffs.ax" "solve.game" 
"%*%" "get.cheating.payoffs" "get.cheating.payoffs.ax" "solve.game" 
"%*%" "get.cheating.payoffs" "get.cheating.payoffs.ax" "solve.game" 
"%*%" "get.cheating.payoffs" "get.cheating.payoffs.ax" "solve.game" 
"solve.game" 
"solve.game" 
"solve.game" 
"solve.game" 
"solve.game" 
"solve.game" 
"solve.game" 
"solve.game" 
"solve.game" 
"%*%" "solve.game" 
"%*%" "solve.game" 
".External2" "plot.new" "plot.default" "plot" "solve.game" 
"plot.xy" "plot.default" "plot" "solve.game" 
"plot.xy" "points.default" "points" "solve.game" 
"get.highest.joint.payoff" "solve.game" 
"get.highest.joint.payoff" "solve.game" 
"get.highest.joint.payoff" "solve.game" 
"get.highest.joint.payoff" "solve.game" 
"get.highest.joint.payoff" "solve.game" 
"get.highest.joint.payoff" "solve.game" 
"get.highest.joint.payoff" "solve.game" 
"get.highest.joint.payoff" "solve.game" 
"get.highest.joint.payoff" "solve.game" 
"get.highest.joint.payoff" "solve.game" 
"get.highest.joint.payoff" "solve.game" 
"get.highest.joint.payoff" "solve.game" 
"get.highest.joint.payoff" "solve.game" 
"policy_iteration" "get.highest.joint.payoff" "solve.game" 
"solve.default" "solve" "policy_iteration" "get.highest.joint.payoff" "solve.game" 
"%*%" "policy_iteration" "get.highest.joint.payoff" "solve.game" 
"policy_iteration" "get.highest.joint.payoff" "solve.game" 
"policy_iteration" "get.highest.joint.payoff" "solve.game" 
"policy_iteration" "get.highest.joint.payoff" "solve.game" 
"policy_iteration" "get.highest.joint.payoff" "solve.game" 
"policy_iteration" "get.highest.joint.payoff" "solve.game" 
"policy_iteration" "get.highest.joint.payoff" "solve.game" 
"policy_iteration" "get.highest.joint.payoff" "solve.game" 
"solve.default" "solve" "policy_iteration" "get.highest.joint.payoff" "solve.game" 
"%*%" "policy_iteration" "get.highest.joint.payoff" "solve.game" 
"mean.default" "mean" "all.equal.numeric" "all.equal" "isTRUE" "approxeq" "policy_iteration" "get.highest.joint.payoff" "solve.game" 
"policy_iteration" "get.highest.joint.payoff" "solve.game" 
"solve.default" "solve" "policy_iteration" "get.highest.joint.payoff" "solve.game" 
"policy_iteration" "get.highest.joint.payoff" "solve.game" 
"solve.default" "solve" "policy_iteration" "get.highest.joint.payoff" "solve.game" 
"%*%" "policy_iteration" "get.highest.joint.payoff" "solve.game" 
"*" "solve" "policy_iteration" "get.highest.joint.payoff" "solve.game" 
"solve.default" "solve" "policy_iteration" "get.highest.joint.payoff" "solve.game" 
"%*%" "policy_iteration" "get.highest.joint.payoff" "solve.game" 
"get.full.dyn.vi" "get.harshest.punishment" "solve.game" 
"get.full.dyn.vi" "get.harshest.punishment" "solve.game" 
"get.full.dyn.vi" "get.harshest.punishment" "solve.game" 
"get.full.dyn.vi" "get.harshest.punishment" "solve.game" 
"policy_iteration" "get.full.dyn.vi" "get.harshest.punishment" "solve.game" 
"solve.default" "solve" "policy_iteration" "get.full.dyn.vi" "get.harshest.punishment" "solve.game" 
"%*%" "policy_iteration" "get.full.dyn.vi" "get.harshest.punishment" "solve.game" 
"solve.default" "solve" "policy_iteration" "get.full.dyn.vi" "get.harshest.punishment" "solve.game" 
"%*%" "policy_iteration" "get.full.dyn.vi" "get.harshest.punishment" "solve.game" 
"solve.default" "solve" "policy_iteration" "get.full.dyn.vi" "get.harshest.punishment" "solve.game" 
"solve.default" "solve" "policy_iteration" "get.full.dyn.vi" "get.harshest.punishment" "solve.game" 
"policy_iteration" "get.full.dyn.vi" "get.harshest.punishment" "solve.game" 
"solve.default" "solve" "policy_iteration" "get.full.dyn.vi" "get.harshest.punishment" "solve.game" 
"%*%" "get.cheating.payoffs" "get.harshest.punishment" "solve.game" 
"%*%" "get.cheating.payoffs" "get.harshest.punishment" "solve.game" 
"%*%" "get.cheating.payoffs" "get.harshest.punishment" "solve.game" 
"%*%" "get.cheating.payoffs" "get.harshest.punishment" "solve.game" 
"c" "rows.to.v.ind" "get.full.dyn.vi" "get.harshest.punishment" "solve.game" 
"get.full.dyn.vi" "get.harshest.punishment" "solve.game" 
"get.full.dyn.vi" "get.harshest.punishment" "solve.game" 
"get.full.dyn.vi" "get.harshest.punishment" "solve.game" 
"policy_iteration" "get.full.dyn.vi" "get.harshest.punishment" "solve.game" 
"solve.default" "solve" "policy_iteration" "get.full.dyn.vi" "get.harshest.punishment" "solve.game" 
"diag" "solve" "policy_iteration" "get.full.dyn.vi" "get.harshest.punishment" "solve.game" 
"solve.default" "solve" "policy_iteration" "get.full.dyn.vi" "get.harshest.punishment" "solve.game" 
"policy_iteration" "get.full.dyn.vi" "get.harshest.punishment" "solve.game" 
"solve.default" "solve" "policy_iteration" "get.full.dyn.vi" "get.harshest.punishment" "solve.game" 
"policy_iteration" "get.full.dyn.vi" "get.harshest.punishment" "solve.game" 
"solve.default" "solve" "policy_iteration" "get.full.dyn.vi" "get.harshest.punishment" "solve.game" 
"%*%" "get.cheating.payoffs" "get.harshest.punishment" "solve.game" 
"%*%" "get.cheating.payoffs" "get.harshest.punishment" "solve.game" 
"%*%" "get.cheating.payoffs" "get.harshest.punishment" "solve.game" 
"%*%" "get.cheating.payoffs" "get.harshest.punishment" "solve.game" 
"get.cheating.payoffs" "get.harshest.punishment" "solve.game" 
"get.full.dyn.vi" "get.harshest.punishment" "solve.game" 
"get.full.dyn.vi" "get.harshest.punishment" "solve.game" 
"get.full.dyn.vi" "get.harshest.punishment" "solve.game" 
"get.full.dyn.vi" "get.harshest.punishment" "solve.game" 
"diag" "solve" "policy_iteration" "get.full.dyn.vi" "get.harshest.punishment" "solve.game" 
"solve.default" "solve" "policy_iteration" "get.full.dyn.vi" "get.harshest.punishment" "solve.game" 
"policy_iteration" "get.full.dyn.vi" "get.harshest.punishment" "solve.game" 
"solve.default" "solve" "policy_iteration" "get.full.dyn.vi" "get.harshest.punishment" "solve.game" 
"eval" "match.arg" "format.default" "format" "paste" "all.equal.numeric" "all.equal" "isTRUE" "approxeq" "policy_iteration" "get.full.dyn.vi" "get.harshest.punishment" "solve.game" 
"solve.default" "solve" "policy_iteration" "get.full.dyn.vi" "get.harshest.punishment" "solve.game" 
"%*%" "policy_iteration" "get.full.dyn.vi" "get.harshest.punishment" "solve.game" 
"solve" "policy_iteration" "get.full.dyn.vi" "get.harshest.punishment" "solve.game" 
"solve.default" "solve" "policy_iteration" "get.full.dyn.vi" "get.harshest.punishment" "solve.game" 
"%*%" "get.cheating.payoffs" "get.harshest.punishment" "solve.game" 
"%*%" "get.cheating.payoffs" "get.harshest.punishment" "solve.game" 
"%*%" "get.cheating.payoffs" "get.harshest.punishment" "solve.game" 
"%*%" "get.cheating.payoffs" "get.harshest.punishment" "solve.game" 
"%*%" "get.cheating.payoffs" "get.cheating.payoffs.ax" "solve.game" 
"%*%" "get.cheating.payoffs" "get.cheating.payoffs.ax" "solve.game" 
"%*%" "get.cheating.payoffs" "get.cheating.payoffs.ax" "solve.game" 
"%*%" "get.cheating.payoffs" "get.cheating.payoffs.ax" "solve.game" 
"get.cheating.payoffs" "get.harshest.punishment" "solve.game" 
"get.full.dyn.vi" "get.harshest.punishment" "solve.game" 
"get.full.dyn.vi" "get.harshest.punishment" "solve.game" 
"get.full.dyn.vi" "get.harshest.punishment" "solve.game" 
"policy_iteration" "get.full.dyn.vi" "get.harshest.punishment" "solve.game" 
"solve.default" "solve" "policy_iteration" "get.full.dyn.vi" "get.harshest.punishment" "solve.game" 
"%*%" "policy_iteration" "get.full.dyn.vi" "get.harshest.punishment" "solve.game" 
"solve.default" "solve" "policy_iteration" "get.full.dyn.vi" "get.harshest.punishment" "solve.game" 
"solve.default" "solve" "policy_iteration" "get.full.dyn.vi" "get.harshest.punishment" "solve.game" 
"policy_iteration" "get.full.dyn.vi" "get.harshest.punishment" "solve.game" 
"solve.default" "solve" "policy_iteration" "get.full.dyn.vi" "get.harshest.punishment" "solve.game" 
"policy_iteration" "get.full.dyn.vi" "get.harshest.punishment" "solve.game" 
"solve.default" "solve" "policy_iteration" "get.full.dyn.vi" "get.harshest.punishment" "solve.game" 
"%*%" "policy_iteration" "get.full.dyn.vi" "get.harshest.punishment" "solve.game" 
"%*%" "get.cheating.payoffs" "get.harshest.punishment" "solve.game" 
"%*%" "get.cheating.payoffs" "get.harshest.punishment" "solve.game" 
"%*%" "get.cheating.payoffs" "get.harshest.punishment" "solve.game" 
"%*%" "get.cheating.payoffs" "get.harshest.punishment" "solve.game" 
"+" "FUN" "lapply" "sapply" "unlist" "rows.to.v.ind" "get.full.dyn.vi" "get.harshest.punishment" "solve.game" 
"get.full.dyn.vi" "get.harshest.punishment" "solve.game" 
"get.full.dyn.vi" "get.harshest.punishment" "solve.game" 
"get.full.dyn.vi" "get.harshest.punishment" "solve.game" 
"policy_iteration" "get.full.dyn.vi" "get.harshest.punishment" "solve.game" 
"solve.default" "solve" "policy_iteration" "get.full.dyn.vi" "get.harshest.punishment" "solve.game" 
"%*%" "policy_iteration" "get.full.dyn.vi" "get.harshest.punishment" "solve.game" 
"solve.default" "solve" "policy_iteration" "get.full.dyn.vi" "get.harshest.punishment" "solve.game" 
"%*%" "policy_iteration" "get.full.dyn.vi" "get.harshest.punishment" "solve.game" 
"solve.default" "solve" "policy_iteration" "get.full.dyn.vi" "get.harshest.punishment" "solve.game" 
"%*%" "policy_iteration" "get.full.dyn.vi" "get.harshest.punishment" "solve.game" 
"solve.default" "solve" "policy_iteration" "get.full.dyn.vi" "get.harshest.punishment" "solve.game" 
"solve.default" "solve" "policy_iteration" "get.full.dyn.vi" "get.harshest.punishment" "solve.game" 
"%*%" "get.cheating.payoffs" "get.harshest.punishment" "solve.game" 
"%*%" "get.cheating.payoffs" "get.harshest.punishment" "solve.game" 
"%*%" "get.cheating.payoffs" "get.harshest.punishment" "solve.game" 
"%*%" "get.cheating.payoffs" "get.harshest.punishment" "solve.game" 
"unlist" "rows.to.v.ind" "get.full.dyn.vi" "get.harshest.punishment" "solve.game" 
"get.full.dyn.vi" "get.harshest.punishment" "solve.game" 
"get.full.dyn.vi" "get.harshest.punishment" "solve.game" 
"get.full.dyn.vi" "get.harshest.punishment" "solve.game" 
"policy_iteration" "get.full.dyn.vi" "get.harshest.punishment" "solve.game" 
"solve.default" "solve" "policy_iteration" "get.full.dyn.vi" "get.harshest.punishment" "solve.game" 
"solve.default" "solve" "policy_iteration" "get.full.dyn.vi" "get.harshest.punishment" "solve.game" 
"policy_iteration" "get.full.dyn.vi" "get.harshest.punishment" "solve.game" 
"solve.default" "solve" "policy_iteration" "get.full.dyn.vi" "get.harshest.punishment" "solve.game" 
"all.equal.numeric" "all.equal" "isTRUE" "approxeq" "policy_iteration" "get.full.dyn.vi" "get.harshest.punishment" "solve.game" 
"*" "solve" "policy_iteration" "get.full.dyn.vi" "get.harshest.punishment" "solve.game" 
"*" "solve" "policy_iteration" "get.full.dyn.vi" "get.harshest.punishment" "solve.game" 
"solve.default" "solve" "policy_iteration" "get.full.dyn.vi" "get.harshest.punishment" "solve.game" 
"solve.default" "solve" "policy_iteration" "get.full.dyn.vi" "get.harshest.punishment" "solve.game" 
"policy_iteration" "get.full.dyn.vi" "get.harshest.punishment" "solve.game" 
"solve.default" "solve" "policy_iteration" "get.full.dyn.vi" "get.harshest.punishment" "solve.game" 
"all.equal.numeric" "all.equal" "isTRUE" "approxeq" "policy_iteration" "get.full.dyn.vi" "get.harshest.punishment" "solve.game" 
"%*%" "get.cheating.payoffs" "get.harshest.punishment" "solve.game" 
"%*%" "get.cheating.payoffs" "get.harshest.punishment" "solve.game" 
"%*%" "get.cheating.payoffs" "get.harshest.punishment" "solve.game" 
"%*%" "get.cheating.payoffs" "get.harshest.punishment" "solve.game" 
"%*%" "get.cheating.payoffs" "get.cheating.payoffs.ax" "solve.game" 
"%*%" "get.cheating.payoffs" "get.cheating.payoffs.ax" "solve.game" 
"%*%" "get.cheating.payoffs" "get.cheating.payoffs.ax" "solve.game" 
"%*%" "get.cheating.payoffs" "get.cheating.payoffs.ax" "solve.game" 
"get.cheating.payoffs" "get.cheating.payoffs.ax" "solve.game" 
"solve.game" 
"solve.game" 
"solve.game" 
"solve.game" 
"solve.game" 
"solve.game" 
"solve.game" 
"solve.game" 
"solve.game" 
"%*%" "solve.game" 
"plot.xy" "plot.default" "plot" "solve.game" 
"plot.xy" "points.default" "points" "solve.game" 
"get.highest.joint.payoff" "solve.game" 
"get.highest.joint.payoff" "solve.game" 
"get.highest.joint.payoff" "solve.game" 
"get.highest.joint.payoff" "solve.game" 
"get.highest.joint.payoff" "solve.game" 
"get.highest.joint.payoff" "solve.game" 
"get.highest.joint.payoff" "solve.game" 
"get.highest.joint.payoff" "solve.game" 
"solve.default" "solve" "policy_iteration" "get.highest.joint.payoff" "solve.game" 
"%*%" "policy_iteration" "get.highest.joint.payoff" "solve.game" 
"policy_iteration" "get.highest.joint.payoff" "solve.game" 
"solve.default" "solve" "policy_iteration" "get.highest.joint.payoff" "solve.game" 
"%*%" "policy_iteration" "get.highest.joint.payoff" "solve.game" 
"data.class" "all.equal.numeric" "all.equal" "isTRUE" "approxeq" "policy_iteration" "get.highest.joint.payoff" "solve.game" 
"data.class" "all.equal.numeric" "all.equal" "isTRUE" "approxeq" "policy_iteration" "get.highest.joint.payoff" "solve.game" 
"data.class" "all.equal.numeric" "all.equal" "isTRUE" "approxeq" "policy_iteration" "get.highest.joint.payoff" "solve.game" 
"data.class" "all.equal.numeric" "all.equal" "isTRUE" "approxeq" "policy_iteration" "get.highest.joint.payoff" "solve.game" 
"data.class" "all.equal.numeric" "all.equal" "isTRUE" "approxeq" "policy_iteration" "get.highest.joint.payoff" "solve.game" 
"solve.default" "solve" "policy_iteration" "get.highest.joint.payoff" "solve.game" 
"solve.default" "solve" "policy_iteration" "get.highest.joint.payoff" "solve.game" 
"%*%" "policy_iteration" "get.highest.joint.payoff" "solve.game" 
"mean" "all.equal.numeric" "all.equal" "isTRUE" "approxeq" "policy_iteration" "get.highest.joint.payoff" "solve.game" 
"policy_iteration" "get.highest.joint.payoff" "solve.game" 
"solve.default" "solve" "policy_iteration" "get.highest.joint.payoff" "solve.game" 
"%*%" "policy_iteration" "get.highest.joint.payoff" "solve.game" 
"get.full.dyn.vi" "get.harshest.punishment" "solve.game" 
"get.full.dyn.vi" "get.harshest.punishment" "solve.game" 
"get.full.dyn.vi" "get.harshest.punishment" "solve.game" 
"get.full.dyn.vi" "get.harshest.punishment" "solve.game" 
"policy_iteration" "get.full.dyn.vi" "get.harshest.punishment" "solve.game" 
"solve.default" "solve" "policy_iteration" "get.full.dyn.vi" "get.harshest.punishment" "solve.game" 
"policy_iteration" "get.full.dyn.vi" "get.harshest.punishment" "solve.game" 
"solve.default" "solve" "policy_iteration" "get.full.dyn.vi" "get.harshest.punishment" "solve.game" 
"all.equal.numeric" "all.equal" "isTRUE" "approxeq" "policy_iteration" "get.full.dyn.vi" "get.harshest.punishment" "solve.game" 
"solve.default" "solve" "policy_iteration" "get.full.dyn.vi" "get.harshest.punishment" "solve.game" 
"%*%" "policy_iteration" "get.full.dyn.vi" "get.harshest.punishment" "solve.game" 
"solve.default" "solve" "policy_iteration" "get.full.dyn.vi" "get.harshest.punishment" "solve.game" 
"%*%" "policy_iteration" "get.full.dyn.vi" "get.harshest.punishment" "solve.game" 
"%*%" "get.cheating.payoffs" "get.harshest.punishment" "solve.game" 
"%*%" "get.cheating.payoffs" "get.harshest.punishment" "solve.game" 
"%*%" "get.cheating.payoffs" "get.harshest.punishment" "solve.game" 
"get.cheating.payoffs" "get.harshest.punishment" "solve.game" 
"get.full.dyn.vi" "get.harshest.punishment" "solve.game" 
"get.full.dyn.vi" "get.harshest.punishment" "solve.game" 
"get.full.dyn.vi" "get.harshest.punishment" "solve.game" 
"get.full.dyn.vi" "get.harshest.punishment" "solve.game" 
"solve.default" "solve" "policy_iteration" "get.full.dyn.vi" "get.harshest.punishment" "solve.game" 
"solve.default" "solve" "policy_iteration" "get.full.dyn.vi" "get.harshest.punishment" "solve.game" 
"policy_iteration" "get.full.dyn.vi" "get.harshest.punishment" "solve.game" 
"solve.default" "solve" "policy_iteration" "get.full.dyn.vi" "get.harshest.punishment" "solve.game" 
"policy_iteration" "get.full.dyn.vi" "get.harshest.punishment" "solve.game" 
"solve.default" "solve" "policy_iteration" "get.full.dyn.vi" "get.harshest.punishment" "solve.game" 
"%*%" "policy_iteration" "get.full.dyn.vi" "get.harshest.punishment" "solve.game" 
"solve.default" "solve" "policy_iteration" "get.full.dyn.vi" "get.harshest.punishment" "solve.game" 
"solve.default" "solve" "policy_iteration" "get.full.dyn.vi" "get.harshest.punishment" "solve.game" 
"%*%" "get.cheating.payoffs" "get.harshest.punishment" "solve.game" 
"%*%" "get.cheating.payoffs" "get.harshest.punishment" "solve.game" 
"%*%" "get.cheating.payoffs" "get.harshest.punishment" "solve.game" 
"%*%" "get.cheating.payoffs" "get.harshest.punishment" "solve.game" 
"all.equal.numeric" "all.equal" "isTRUE" "approxeq" "get.harshest.punishment" "solve.game" 
"get.full.dyn.vi" "get.harshest.punishment" "solve.game" 
"get.full.dyn.vi" "get.harshest.punishment" "solve.game" 
"get.full.dyn.vi" "get.harshest.punishment" "solve.game" 
"$" "C_which_RowMaxs_VectorList" "which.RowMaxs.VectorListInd" "which.RowMaxs" "policy_iteration" "get.full.dyn.vi" "get.harshest.punishment" "solve.game" 
"solve.default" "solve" "policy_iteration" "get.full.dyn.vi" "get.harshest.punishment" "solve.game" 
"policy_iteration" "get.full.dyn.vi" "get.harshest.punishment" "solve.game" 
"solve.default" "solve" "policy_iteration" "get.full.dyn.vi" "get.harshest.punishment" "solve.game" 
"policy_iteration" "get.full.dyn.vi" "get.harshest.punishment" "solve.game" 
"solve.default" "solve" "policy_iteration" "get.full.dyn.vi" "get.harshest.punishment" "solve.game" 
"%*%" "policy_iteration" "get.full.dyn.vi" "get.harshest.punishment" "solve.game" 
"solve.default" "solve" "policy_iteration" "get.full.dyn.vi" "get.harshest.punishment" "solve.game" 
"solve.default" "solve" "policy_iteration" "get.full.dyn.vi" "get.harshest.punishment" "solve.game" 
"%*%" "get.cheating.payoffs" "get.harshest.punishment" "solve.game" 
"%*%" "get.cheating.payoffs" "get.harshest.punishment" "solve.game" 
"%*%" "get.cheating.payoffs" "get.harshest.punishment" "solve.game" 
"%*%" "get.cheating.payoffs" "get.harshest.punishment" "solve.game" 
"get.cheating.payoffs" "get.cheating.payoffs.ax" "solve.game" 
"%*%" "get.cheating.payoffs" "get.cheating.payoffs.ax" "solve.game" 
"%*%" "get.cheating.payoffs" "get.cheating.payoffs.ax" "solve.game" 
"%*%" "get.cheating.payoffs" "get.cheating.payoffs.ax" "solve.game" 
"%*%" "get.cheating.payoffs" "get.cheating.payoffs.ax" "solve.game" 
"$" "FUN" "lapply" "sapply" "unlist" "rows.to.v.ind" "get.full.dyn.vi" "get.harshest.punishment" "solve.game" 
"get.full.dyn.vi" "get.harshest.punishment" "solve.game" 
"get.full.dyn.vi" "get.harshest.punishment" "solve.game" 
"get.full.dyn.vi" "get.harshest.punishment" "solve.game" 
"policy_iteration" "get.full.dyn.vi" "get.harshest.punishment" "solve.game" 
"solve.default" "solve" "policy_iteration" "get.full.dyn.vi" "get.harshest.punishment" "solve.game" 
"%*%" "policy_iteration" "get.full.dyn.vi" "get.harshest.punishment" "solve.game" 
"solve.default" "solve" "policy_iteration" "get.full.dyn.vi" "get.harshest.punishment" "solve.game" 
"solve.default" "solve" "policy_iteration" "get.full.dyn.vi" "get.harshest.punishment" "solve.game" 
"policy_iteration" "get.full.dyn.vi" "get.harshest.punishment" "solve.game" 
"diag" "solve" "policy_iteration" "get.full.dyn.vi" "get.harshest.punishment" "solve.game" 
"diag" "solve" "policy_iteration" "get.full.dyn.vi" "get.harshest.punishment" "solve.game" 
"solve.default" "solve" "policy_iteration" "get.full.dyn.vi" "get.harshest.punishment" "solve.game" 
"%*%" "policy_iteration" "get.full.dyn.vi" "get.harshest.punishment" "solve.game" 
"*" "solve" "policy_iteration" "get.full.dyn.vi" "get.harshest.punishment" "solve.game" 
"solve.default" "solve" "policy_iteration" "get.full.dyn.vi" "get.harshest.punishment" "solve.game" 
"get.cheating.payoffs" "get.harshest.punishment" "solve.game" 
"%*%" "get.cheating.payoffs" "get.harshest.punishment" "solve.game" 
"%*%" "get.cheating.payoffs" "get.harshest.punishment" "solve.game" 
"%*%" "get.cheating.payoffs" "get.harshest.punishment" "solve.game" 
"%*%" "get.cheating.payoffs" "get.harshest.punishment" "solve.game" 
"%*%" "get.cheating.payoffs" "get.harshest.punishment" "solve.game" 
"unlist" "rows.to.v.ind" "get.full.dyn.vi" "get.harshest.punishment" "solve.game" 
"get.full.dyn.vi" "get.harshest.punishment" "solve.game" 
"get.full.dyn.vi" "get.harshest.punishment" "solve.game" 
"get.full.dyn.vi" "get.harshest.punishment" "solve.game" 
"policy_iteration" "get.full.dyn.vi" "get.harshest.punishment" "solve.game" 
"solve.default" "solve" "policy_iteration" "get.full.dyn.vi" "get.harshest.punishment" "solve.game" 
"policy_iteration" "get.full.dyn.vi" "get.harshest.punishment" "solve.game" 
"solve.default" "solve" "policy_iteration" "get.full.dyn.vi" "get.harshest.punishment" "solve.game" 
"policy_iteration" "get.full.dyn.vi" "get.harshest.punishment" "solve.game" 
"solve.default" "solve" "policy_iteration" "get.full.dyn.vi" "get.harshest.punishment" "solve.game" 
"as.vector" "all.equal.numeric" "all.equal" "isTRUE" "approxeq" "policy_iteration" "get.full.dyn.vi" "get.harshest.punishment" "solve.game" 
"solve.default" "solve" "policy_iteration" "get.full.dyn.vi" "get.harshest.punishment" "solve.game" 
"get.cheating.payoffs" "get.harshest.punishment" "solve.game" 
"%*%" "get.cheating.payoffs" "get.harshest.punishment" "solve.game" 
"%*%" "get.cheating.payoffs" "get.harshest.punishment" "solve.game" 
"%*%" "get.cheating.payoffs" "get.harshest.punishment" "solve.game" 
"$" "FUN" "lapply" "sapply" "unlist" "rows.to.v.ind" "get.full.dyn.vi" "get.harshest.punishment" "solve.game" 
"get.full.dyn.vi" "get.harshest.punishment" "solve.game" 
"get.full.dyn.vi" "get.harshest.punishment" "solve.game" 
"get.full.dyn.vi" "get.harshest.punishment" "solve.game" 
"solve.default" "solve" "policy_iteration" "get.full.dyn.vi" "get.harshest.punishment" "solve.game" 
"%*%" "policy_iteration" "get.full.dyn.vi" "get.harshest.punishment" "solve.game" 
"solve.default" "solve" "policy_iteration" "get.full.dyn.vi" "get.harshest.punishment" "solve.game" 
"all.equal.numeric" "all.equal" "isTRUE" "approxeq" "policy_iteration" "get.full.dyn.vi" "get.harshest.punishment" "solve.game" 
"solve.default" "solve" "policy_iteration" "get.full.dyn.vi" "get.harshest.punishment" "solve.game" 
"policy_iteration" "get.full.dyn.vi" "get.harshest.punishment" "solve.game" 
"solve.default" "solve" "policy_iteration" "get.full.dyn.vi" "get.harshest.punishment" "solve.game" 
"%*%" "get.cheating.payoffs" "get.harshest.punishment" "solve.game" 
"%*%" "get.cheating.payoffs" "get.harshest.punishment" "solve.game" 
"%*%" "get.cheating.payoffs" "get.harshest.punishment" "solve.game" 
"%*%" "get.cheating.payoffs" "get.harshest.punishment" "solve.game" 
"%*%" "get.cheating.payoffs" "get.cheating.payoffs.ax" "solve.game" 
"%*%" "get.cheating.payoffs" "get.cheating.payoffs.ax" "solve.game" 
"%*%" "get.cheating.payoffs" "get.cheating.payoffs.ax" "solve.game" 
"solve.game" 
"solve.game" 
"solve.game" 
"solve.game" 
"solve.game" 
"solve.game" 
"solve.game" 
"solve.game" 
"solve.game" 
"plot.xy" "plot.default" "plot" "solve.game" 
"plot.xy" "plot.default" "plot" "solve.game" 
"print.default" "print" "solve.game" 
"get.highest.joint.payoff" "solve.game" 
"get.highest.joint.payoff" "solve.game" 
"get.highest.joint.payoff" "solve.game" 
"get.highest.joint.payoff" "solve.game" 
"get.highest.joint.payoff" "solve.game" 
"get.highest.joint.payoff" "solve.game" 
"get.highest.joint.payoff" "solve.game" 
"policy_iteration" "get.highest.joint.payoff" "solve.game" 
"solve.default" "solve" "policy_iteration" "get.highest.joint.payoff" "solve.game" 
"policy_iteration" "get.highest.joint.payoff" "solve.game" 
"solve.default" "solve" "policy_iteration" "get.highest.joint.payoff" "solve.game" 
"close.connection" "close" "save" "<Anonymous>" "paste" "all.equal.numeric" "all.equal" "isTRUE" "approxeq" "policy_iteration" "get.highest.joint.payoff" "solve.game" 
"paste" "all.equal.numeric" "all.equal" "isTRUE" "approxeq" "policy_iteration" "get.highest.joint.payoff" "solve.game" 
"paste" "all.equal.numeric" "all.equal" "isTRUE" "approxeq" "policy_iteration" "get.highest.joint.payoff" "solve.game" 
"paste" "all.equal.numeric" "all.equal" "isTRUE" "approxeq" "policy_iteration" "get.highest.joint.payoff" "solve.game" 
"solve.default" "solve" "policy_iteration" "get.highest.joint.payoff" "solve.game" 
"%*%" "policy_iteration" "get.highest.joint.payoff" "solve.game" 
"solve.default" "solve" "policy_iteration" "get.highest.joint.payoff" "solve.game" 
"%*%" "policy_iteration" "get.highest.joint.payoff" "solve.game" 
"solve.default" "solve" "policy_iteration" "get.highest.joint.payoff" "solve.game" 
"%*%" "policy_iteration" "get.highest.joint.payoff" "solve.game" 
"mean" "all.equal.numeric" "all.equal" "isTRUE" "approxeq" "policy_iteration" "get.highest.joint.payoff" "solve.game" 
"get.full.dyn.vi" "get.harshest.punishment" "solve.game" 
"get.full.dyn.vi" "get.harshest.punishment" "solve.game" 
"get.full.dyn.vi" "get.harshest.punishment" "solve.game" 
"get.full.dyn.vi" "get.harshest.punishment" "solve.game" 
"solve.default" "solve" "policy_iteration" "get.full.dyn.vi" "get.harshest.punishment" "solve.game" 
"%*%" "policy_iteration" "get.full.dyn.vi" "get.harshest.punishment" "solve.game" 
"solve.default" "solve" "policy_iteration" "get.full.dyn.vi" "get.harshest.punishment" "solve.game" 
"solve.default" "solve" "policy_iteration" "get.full.dyn.vi" "get.harshest.punishment" "solve.game" 
"policy_iteration" "get.full.dyn.vi" "get.harshest.punishment" "solve.game" 
"solve.default" "solve" "policy_iteration" "get.full.dyn.vi" "get.harshest.punishment" "solve.game" 
"policy_iteration" "get.full.dyn.vi" "get.harshest.punishment" "solve.game" 
"solve.default" "solve" "policy_iteration" "get.full.dyn.vi" "get.harshest.punishment" "solve.game" 
"%*%" "policy_iteration" "get.full.dyn.vi" "get.harshest.punishment" "solve.game" 
"%*%" "get.cheating.payoffs" "get.harshest.punishment" "solve.game" 
"%*%" "get.cheating.payoffs" "get.harshest.punishment" "solve.game" 
"%*%" "get.cheating.payoffs" "get.harshest.punishment" "solve.game" 
"%*%" "get.cheating.payoffs" "get.harshest.punishment" "solve.game" 
"unlist" "rows.to.v.ind" "get.full.dyn.vi" "get.harshest.punishment" "solve.game" 
"get.full.dyn.vi" "get.harshest.punishment" "solve.game" 
"get.full.dyn.vi" "get.harshest.punishment" "solve.game" 
"get.full.dyn.vi" "get.harshest.punishment" "solve.game" 
"policy_iteration" "get.full.dyn.vi" "get.harshest.punishment" "solve.game" 
"solve.default" "solve" "policy_iteration" "get.full.dyn.vi" "get.harshest.punishment" "solve.game" 
"%*%" "policy_iteration" "get.full.dyn.vi" "get.harshest.punishment" "solve.game" 
"solve.default" "solve" "policy_iteration" "get.full.dyn.vi" "get.harshest.punishment" "solve.game" 
"solve.default" "solve" "policy_iteration" "get.full.dyn.vi" "get.harshest.punishment" "solve.game" 
"solve.default" "solve" "policy_iteration" "get.full.dyn.vi" "get.harshest.punishment" "solve.game" 
"solve.default" "solve" "policy_iteration" "get.full.dyn.vi" "get.harshest.punishment" "solve.game" 
"solve.default" "solve" "policy_iteration" "get.full.dyn.vi" "get.harshest.punishment" "solve.game" 
"solve.default" "solve" "policy_iteration" "get.full.dyn.vi" "get.harshest.punishment" "solve.game" 
"%*%" "get.cheating.payoffs" "get.harshest.punishment" "solve.game" 
"%*%" "get.cheating.payoffs" "get.harshest.punishment" "solve.game" 
"%*%" "get.cheating.payoffs" "get.harshest.punishment" "solve.game" 
"%*%" "get.cheating.payoffs" "get.harshest.punishment" "solve.game" 
"get.full.dyn.vi" "get.harshest.punishment" "solve.game" 
"get.full.dyn.vi" "get.harshest.punishment" "solve.game" 
"get.full.dyn.vi" "get.harshest.punishment" "solve.game" 
"$" "length.VectorListInd" "length" "length" "policy_iteration" "get.full.dyn.vi" "get.harshest.punishment" "solve.game" 
"solve.default" "solve" "policy_iteration" "get.full.dyn.vi" "get.harshest.punishment" "solve.game" 
"policy_iteration" "get.full.dyn.vi" "get.harshest.punishment" "solve.game" 
"solve.default" "solve" "policy_iteration" "get.full.dyn.vi" "get.harshest.punishment" "solve.game" 
"mean.default" "mean" "all.equal.numeric" "all.equal" "isTRUE" "approxeq" "policy_iteration" "get.full.dyn.vi" "get.harshest.punishment" "solve.game" 
"solve.default" "solve" "policy_iteration" "get.full.dyn.vi" "get.harshest.punishment" "solve.game" 
"all.equal.numeric" "all.equal" "isTRUE" "approxeq" "policy_iteration" "get.full.dyn.vi" "get.harshest.punishment" "solve.game" 
"solve.default" "solve" "policy_iteration" "get.full.dyn.vi" "get.harshest.punishment" "solve.game" 
"sys.parent" "sys.call" "match.call" "stopifnot" "which.RowMaxs.VectorListInd" "which.RowMaxs" "policy_iteration" "get.full.dyn.vi" "get.harshest.punishment" "solve.game" 
"%*%" "get.cheating.payoffs" "get.harshest.punishment" "solve.game" 
"%*%" "get.cheating.payoffs" "get.harshest.punishment" "solve.game" 
"%*%" "get.cheating.payoffs" "get.harshest.punishment" "solve.game" 
"names<-" "solve.game" 
"%*%" "get.cheating.payoffs" "get.cheating.payoffs.ax" "solve.game" 
"%*%" "get.cheating.payoffs" "get.cheating.payoffs.ax" "solve.game" 
"%*%" "get.cheating.payoffs" "get.cheating.payoffs.ax" "solve.game" 
"$" "FUN" "lapply" "sapply" "unlist" "rows.to.v.ind" "get.full.dyn.vi" "get.harshest.punishment" "solve.game" 
"get.full.dyn.vi" "get.harshest.punishment" "solve.game" 
"get.full.dyn.vi" "get.harshest.punishment" "solve.game" 
"get.full.dyn.vi" "get.harshest.punishment" "solve.game" 
"get.full.dyn.vi" "get.harshest.punishment" "solve.game" 
"policy_iteration" "get.full.dyn.vi" "get.harshest.punishment" "solve.game" 
"solve.default" "solve" "policy_iteration" "get.full.dyn.vi" "get.harshest.punishment" "solve.game" 
"%*%" "policy_iteration" "get.full.dyn.vi" "get.harshest.punishment" "solve.game" 
"solve.default" "solve" "policy_iteration" "get.full.dyn.vi" "get.harshest.punishment" "solve.game" 
"%*%" "policy_iteration" "get.full.dyn.vi" "get.harshest.punishment" "solve.game" 
"solve.default" "solve" "policy_iteration" "get.full.dyn.vi" "get.harshest.punishment" "solve.game" 
"solve.default" "solve" "policy_iteration" "get.full.dyn.vi" "get.harshest.punishment" "solve.game" 
"policy_iteration" "get.full.dyn.vi" "get.harshest.punishment" "solve.game" 
"solve.default" "solve" "policy_iteration" "get.full.dyn.vi" "get.harshest.punishment" "solve.game" 
"%*%" "get.cheating.payoffs" "get.harshest.punishment" "solve.game" 
"%*%" "get.cheating.payoffs" "get.harshest.punishment" "solve.game" 
"%*%" "get.cheating.payoffs" "get.harshest.punishment" "solve.game" 
"%*%" "get.cheating.payoffs" "get.harshest.punishment" "solve.game" 
"%*%" "get.cheating.payoffs" "get.harshest.punishment" "solve.game" 
"get.full.dyn.vi" "get.harshest.punishment" "solve.game" 
"get.full.dyn.vi" "get.harshest.punishment" "solve.game" 
"get.full.dyn.vi" "get.harshest.punishment" "solve.game" 
"get.full.dyn.vi" "get.harshest.punishment" "solve.game" 
"solve.default" "solve" "policy_iteration" "get.full.dyn.vi" "get.harshest.punishment" "solve.game" 
"solve.default" "solve" "policy_iteration" "get.full.dyn.vi" "get.harshest.punishment" "solve.game" 
"policy_iteration" "get.full.dyn.vi" "get.harshest.punishment" "solve.game" 
"solve.default" "solve" "policy_iteration" "get.full.dyn.vi" "get.harshest.punishment" "solve.game" 
"policy_iteration" "get.full.dyn.vi" "get.harshest.punishment" "solve.game" 
"solve.default" "solve" "policy_iteration" "get.full.dyn.vi" "get.harshest.punishment" "solve.game" 
"policy_iteration" "get.full.dyn.vi" "get.harshest.punishment" "solve.game" 
"solve.default" "solve" "policy_iteration" "get.full.dyn.vi" "get.harshest.punishment" "solve.game" 
"%*%" "get.cheating.payoffs" "get.harshest.punishment" "solve.game" 
"%*%" "get.cheating.payoffs" "get.harshest.punishment" "solve.game" 
"%*%" "get.cheating.payoffs" "get.harshest.punishment" "solve.game" 
"%*%" "get.cheating.payoffs" "get.harshest.punishment" "solve.game" 
"unlist" "rows.to.v.ind" "get.full.dyn.vi" "get.harshest.punishment" "solve.game" 
"get.full.dyn.vi" "get.harshest.punishment" "solve.game" 
"get.full.dyn.vi" "get.harshest.punishment" "solve.game" 
"get.full.dyn.vi" "get.harshest.punishment" "solve.game" 
"solve.default" "solve" "policy_iteration" "get.full.dyn.vi" "get.harshest.punishment" "solve.game" 
"%*%" "policy_iteration" "get.full.dyn.vi" "get.harshest.punishment" "solve.game" 
"solve.default" "solve" "policy_iteration" "get.full.dyn.vi" "get.harshest.punishment" "solve.game" 
"all.equal.numeric" "all.equal" "isTRUE" "approxeq" "policy_iteration" "get.full.dyn.vi" "get.harshest.punishment" "solve.game" 
"solve.default" "solve" "policy_iteration" "get.full.dyn.vi" "get.harshest.punishment" "solve.game" 
"%*%" "policy_iteration" "get.full.dyn.vi" "get.harshest.punishment" "solve.game" 
"solve.default" "solve" "policy_iteration" "get.full.dyn.vi" "get.harshest.punishment" "solve.game" 
"solve.default" "solve" "policy_iteration" "get.full.dyn.vi" "get.harshest.punishment" "solve.game" 
"%*%" "get.cheating.payoffs" "get.harshest.punishment" "solve.game" 
"%*%" "get.cheating.payoffs" "get.harshest.punishment" "solve.game" 
"%*%" "get.cheating.payoffs" "get.harshest.punishment" "solve.game" 
"%*%" "get.cheating.payoffs" "get.harshest.punishment" "solve.game" 
"get.cheating.payoffs" "get.cheating.payoffs.ax" "solve.game" 
"%*%" "get.cheating.payoffs" "get.cheating.payoffs.ax" "solve.game" 
"%*%" "get.cheating.payoffs" "get.cheating.payoffs.ax" "solve.game" 
"%*%" "get.cheating.payoffs" "get.cheating.payoffs.ax" "solve.game" 
"%*%" "get.cheating.payoffs" "get.cheating.payoffs.ax" "solve.game" 
"solve.game" 
"solve.game" 
"solve.game" 
"solve.game" 
"solve.game" 
"solve.game" 
"solve.game" 
"%*%" "solve.game" 
".External2" "plot.new" "plot.default" "plot" "solve.game" 
"plot.xy" "plot.default" "plot" "solve.game" 
"get.highest.joint.payoff" "solve.game" 
"get.highest.joint.payoff" "solve.game" 
"get.highest.joint.payoff" "solve.game" 
"get.highest.joint.payoff" "solve.game" 
"get.highest.joint.payoff" "solve.game" 
"get.highest.joint.payoff" "solve.game" 
"get.highest.joint.payoff" "solve.game" 
"exists" "get.restore.point.options" "restore.point" "policy_iteration" "get.highest.joint.payoff" "solve.game" 
"exists" "get.restore.point.options" "restore.point" "policy_iteration" "get.highest.joint.payoff" "solve.game" 
"exists" "get.restore.point.options" "restore.point" "policy_iteration" "get.highest.joint.payoff" "solve.game" 
".External" "<Anonymous>" "doTryCatch" "tryCatchOne" "tryCatchList" "tryCatch" "try" "exists" "get.restore.point.options" "restore.point" "policy_iteration" "get.highest.joint.payoff" "solve.game" 
"exists" "get.restore.point.options" "restore.point" "policy_iteration" "get.highest.joint.payoff" "solve.game" 
"policy_iteration" "get.highest.joint.payoff" "solve.game" 
"solve.default" "solve" "policy_iteration" "get.highest.joint.payoff" "solve.game" 
"%*%" "policy_iteration" "get.highest.joint.payoff" "solve.game" 
"solve.default" "solve" "policy_iteration" "get.highest.joint.payoff" "solve.game" 
"solve.default" "solve" "policy_iteration" "get.highest.joint.payoff" "solve.game" 
"policy_iteration" "get.highest.joint.payoff" "solve.game" 
"solve.default" "solve" "policy_iteration" "get.highest.joint.payoff" "solve.game" 
"%*%" "policy_iteration" "get.highest.joint.payoff" "solve.game" 
"mean" "all.equal.numeric" "all.equal" "isTRUE" "approxeq" "policy_iteration" "get.highest.joint.payoff" "solve.game" 
"solve.default" "solve" "policy_iteration" "get.highest.joint.payoff" "solve.game" 
"%*%" "policy_iteration" "get.highest.joint.payoff" "solve.game" 
"policy_iteration" "get.highest.joint.payoff" "solve.game" 
"solve.default" "solve" "policy_iteration" "get.highest.joint.payoff" "solve.game" 
"%*%" "policy_iteration" "get.highest.joint.payoff" "solve.game" 
"get.cheating.payoffs" "get.harshest.punishment" "solve.game" 
"get.full.dyn.vi" "get.harshest.punishment" "solve.game" 
"get.full.dyn.vi" "get.harshest.punishment" "solve.game" 
"get.full.dyn.vi" "get.harshest.punishment" "solve.game" 
"get.full.dyn.vi" "get.harshest.punishment" "solve.game" 
"get.full.dyn.vi" "get.harshest.punishment" "solve.game" 
"solve.default" "solve" "policy_iteration" "get.full.dyn.vi" "get.harshest.punishment" "solve.game" 
"solve.default" "solve" "policy_iteration" "get.full.dyn.vi" "get.harshest.punishment" "solve.game" 
"policy_iteration" "get.full.dyn.vi" "get.harshest.punishment" "solve.game" 
"solve.default" "solve" "policy_iteration" "get.full.dyn.vi" "get.harshest.punishment" "solve.game" 
"%*%" "policy_iteration" "get.full.dyn.vi" "get.harshest.punishment" "solve.game" 
"solve.default" "solve" "policy_iteration" "get.full.dyn.vi" "get.harshest.punishment" "solve.game" 
"solve.default" "solve" "policy_iteration" "get.full.dyn.vi" "get.harshest.punishment" "solve.game" 
"policy_iteration" "get.full.dyn.vi" "get.harshest.punishment" "solve.game" 
"solve.default" "solve" "policy_iteration" "get.full.dyn.vi" "get.harshest.punishment" "solve.game" 
"approxeq" "policy_iteration" "get.full.dyn.vi" "get.harshest.punishment" "solve.game" 
"%*%" "get.cheating.payoffs" "get.harshest.punishment" "solve.game" 
"%*%" "get.cheating.payoffs" "get.harshest.punishment" "solve.game" 
"%*%" "get.cheating.payoffs" "get.harshest.punishment" "solve.game" 
"%*%" "get.cheating.payoffs" "get.harshest.punishment" "solve.game" 
"get.full.dyn.vi" "get.harshest.punishment" "solve.game" 
"get.full.dyn.vi" "get.harshest.punishment" "solve.game" 
"get.full.dyn.vi" "get.harshest.punishment" "solve.game" 
"get.full.dyn.vi" "get.harshest.punishment" "solve.game" 
"solve.default" "solve" "policy_iteration" "get.full.dyn.vi" "get.harshest.punishment" "solve.game" 
"solve.default" "solve" "policy_iteration" "get.full.dyn.vi" "get.harshest.punishment" "solve.game" 
"solve.default" "solve" "policy_iteration" "get.full.dyn.vi" "get.harshest.punishment" "solve.game" 
"solve.default" "solve" "policy_iteration" "get.full.dyn.vi" "get.harshest.punishment" "solve.game" 
"policy_iteration" "get.full.dyn.vi" "get.harshest.punishment" "solve.game" 
"solve.default" "solve" "policy_iteration" "get.full.dyn.vi" "get.harshest.punishment" "solve.game" 
"policy_iteration" "get.full.dyn.vi" "get.harshest.punishment" "solve.game" 
"solve.default" "solve" "policy_iteration" "get.full.dyn.vi" "get.harshest.punishment" "solve.game" 
"solve.default" "solve" "policy_iteration" "get.full.dyn.vi" "get.harshest.punishment" "solve.game" 
"%*%" "get.cheating.payoffs" "get.harshest.punishment" "solve.game" 
"%*%" "get.cheating.payoffs" "get.harshest.punishment" "solve.game" 
"%*%" "get.cheating.payoffs" "get.harshest.punishment" "solve.game" 
"%*%" "get.cheating.payoffs" "get.harshest.punishment" "solve.game" 
"get.cheating.payoffs" "get.harshest.punishment" "solve.game" 
"get.full.dyn.vi" "get.harshest.punishment" "solve.game" 
"get.full.dyn.vi" "get.harshest.punishment" "solve.game" 
"get.full.dyn.vi" "get.harshest.punishment" "solve.game" 
"get.full.dyn.vi" "get.harshest.punishment" "solve.game" 
"policy_iteration" "get.full.dyn.vi" "get.harshest.punishment" "solve.game" 
"solve.default" "solve" "policy_iteration" "get.full.dyn.vi" "get.harshest.punishment" "solve.game" 
"%*%" "policy_iteration" "get.full.dyn.vi" "get.harshest.punishment" "solve.game" 
"solve.default" "solve" "policy_iteration" "get.full.dyn.vi" "get.harshest.punishment" "solve.game" 
"solve.default" "solve" "policy_iteration" "get.full.dyn.vi" "get.harshest.punishment" "solve.game" 
"solve.default" "solve" "policy_iteration" "get.full.dyn.vi" "get.harshest.punishment" "solve.game" 
"%*%" "policy_iteration" "get.full.dyn.vi" "get.harshest.punishment" "solve.game" 
"solve.default" "solve" "policy_iteration" "get.full.dyn.vi" "get.harshest.punishment" "solve.game" 
"solve.default" "solve" "policy_iteration" "get.full.dyn.vi" "get.harshest.punishment" "solve.game" 
"policy_iteration" "get.full.dyn.vi" "get.harshest.punishment" "solve.game" 
"solve.default" "solve" "policy_iteration" "get.full.dyn.vi" "get.harshest.punishment" "solve.game" 
"%*%" "get.cheating.payoffs" "get.harshest.punishment" "solve.game" 
"%*%" "get.cheating.payoffs" "get.harshest.punishment" "solve.game" 
"%*%" "get.cheating.payoffs" "get.harshest.punishment" "solve.game" 
"%*%" "get.cheating.payoffs" "get.harshest.punishment" "solve.game" 
"%*%" "get.cheating.payoffs" "get.harshest.punishment" "solve.game" 
"%*%" "get.cheating.payoffs" "get.cheating.payoffs.ax" "solve.game" 
"%*%" "get.cheating.payoffs" "get.cheating.payoffs.ax" "solve.game" 
"%*%" "get.cheating.payoffs" "get.cheating.payoffs.ax" "solve.game" 
"%*%" "get.cheating.payoffs" "get.cheating.payoffs.ax" "solve.game" 
"$" "match" "get.harshest.punishment" "solve.game" 
"get.full.dyn.vi" "get.harshest.punishment" "solve.game" 
"get.full.dyn.vi" "get.harshest.punishment" "solve.game" 
"get.full.dyn.vi" "get.harshest.punishment" "solve.game" 
"get.full.dyn.vi" "get.harshest.punishment" "solve.game" 
"solve.default" "solve" "policy_iteration" "get.full.dyn.vi" "get.harshest.punishment" "solve.game" 
"solve.default" "solve" "policy_iteration" "get.full.dyn.vi" "get.harshest.punishment" "solve.game" 
"solve.default" "solve" "policy_iteration" "get.full.dyn.vi" "get.harshest.punishment" "solve.game" 
"solve.default" "solve" "policy_iteration" "get.full.dyn.vi" "get.harshest.punishment" "solve.game" 
"policy_iteration" "get.full.dyn.vi" "get.harshest.punishment" "solve.game" 
"solve.default" "solve" "policy_iteration" "get.full.dyn.vi" "get.harshest.punishment" "solve.game" 
"policy_iteration" "get.full.dyn.vi" "get.harshest.punishment" "solve.game" 
"solve.default" "solve" "policy_iteration" "get.full.dyn.vi" "get.harshest.punishment" "solve.game" 
"%*%" "get.cheating.payoffs" "get.harshest.punishment" "solve.game" 
"%*%" "get.cheating.payoffs" "get.harshest.punishment" "solve.game" 
"%*%" "get.cheating.payoffs" "get.harshest.punishment" "solve.game" 
"%*%" "get.cheating.payoffs" "get.harshest.punishment" "solve.game" 
"get.full.dyn.vi" "get.harshest.punishment" "solve.game" 
"get.full.dyn.vi" "get.harshest.punishment" "solve.game" 
"get.full.dyn.vi" "get.harshest.punishment" "solve.game" 
"is" "policy_iteration" "get.full.dyn.vi" "get.harshest.punishment" "solve.game" 
"solve.default" "solve" "policy_iteration" "get.full.dyn.vi" "get.harshest.punishment" "solve.game" 
"policy_iteration" "get.full.dyn.vi" "get.harshest.punishment" "solve.game" 
"solve.default" "solve" "policy_iteration" "get.full.dyn.vi" "get.harshest.punishment" "solve.game" 
"policy_iteration" "get.full.dyn.vi" "get.harshest.punishment" "solve.game" 
"solve.default" "solve" "policy_iteration" "get.full.dyn.vi" "get.harshest.punishment" "solve.game" 
"policy_iteration" "get.full.dyn.vi" "get.harshest.punishment" "solve.game" 
"solve.default" "solve" "policy_iteration" "get.full.dyn.vi" "get.harshest.punishment" "solve.game" 
"%*%" "get.cheating.payoffs" "get.harshest.punishment" "solve.game" 
"%*%" "get.cheating.payoffs" "get.harshest.punishment" "solve.game" 
"%*%" "get.cheating.payoffs" "get.harshest.punishment" "solve.game" 
"%*%" "get.cheating.payoffs" "get.harshest.punishment" "solve.game" 
"get.full.dyn.vi" "get.harshest.punishment" "solve.game" 
"get.full.dyn.vi" "get.harshest.punishment" "solve.game" 
"get.full.dyn.vi" "get.harshest.punishment" "solve.game" 
"solve.default" "solve" "policy_iteration" "get.full.dyn.vi" "get.harshest.punishment" "solve.game" 
"policy_iteration" "get.full.dyn.vi" "get.harshest.punishment" "solve.game" 
"solve.default" "solve" "policy_iteration" "get.full.dyn.vi" "get.harshest.punishment" "solve.game" 
"solve.default" "solve" "policy_iteration" "get.full.dyn.vi" "get.harshest.punishment" "solve.game" 
"%*%" "policy_iteration" "get.full.dyn.vi" "get.harshest.punishment" "solve.game" 
"solve.default" "solve" "policy_iteration" "get.full.dyn.vi" "get.harshest.punishment" "solve.game" 
"get.cheating.payoffs" "get.harshest.punishment" "solve.game" 
"%*%" "get.cheating.payoffs" "get.harshest.punishment" "solve.game" 
"%*%" "get.cheating.payoffs" "get.harshest.punishment" "solve.game" 
"%*%" "get.cheating.payoffs" "get.harshest.punishment" "solve.game" 
"%*%" "get.cheating.payoffs" "get.cheating.payoffs.ax" "solve.game" 
"%*%" "get.cheating.payoffs" "get.cheating.payoffs.ax" "solve.game" 
"%*%" "get.cheating.payoffs" "get.cheating.payoffs.ax" "solve.game" 
"solve.game" 
"solve.game" 
"solve.game" 
"solve.game" 
"solve.game" 
"solve.game" 
".External2" "plot.new" "plot.default" "plot" "solve.game" 
"plot.xy" "plot.default" "plot" "solve.game" 
"unlist" "rows.to.v.ind" "get.full.dyn.vi" "get.harshest.punishment" "solve.game" 
"get.full.dyn.vi" "get.harshest.punishment" "solve.game" 
"get.full.dyn.vi" "get.harshest.punishment" "solve.game" 
"exists" "get.restore.point.options" "isTRUE" "restore.point" "policy_iteration" "get.full.dyn.vi" "get.harshest.punishment" "solve.game" 
"exists" "get.restore.point.options" "isTRUE" "restore.point" "policy_iteration" "get.full.dyn.vi" "get.harshest.punishment" "solve.game" 
"exists" "get.restore.point.options" "isTRUE" "restore.point" "policy_iteration" "get.full.dyn.vi" "get.harshest.punishment" "solve.game" 
"exists" "get.restore.point.options" "isTRUE" "restore.point" "policy_iteration" "get.full.dyn.vi" "get.harshest.punishment" "solve.game" 
"policy_iteration" "get.full.dyn.vi" "get.harshest.punishment" "solve.game" 
"solve.default" "solve" "policy_iteration" "get.full.dyn.vi" "get.harshest.punishment" "solve.game" 
"%*%" "policy_iteration" "get.full.dyn.vi" "get.harshest.punishment" "solve.game" 
"solve.default" "solve" "policy_iteration" "get.full.dyn.vi" "get.harshest.punishment" "solve.game" 
"%*%" "policy_iteration" "get.full.dyn.vi" "get.harshest.punishment" "solve.game" 
"*" "solve" "policy_iteration" "get.full.dyn.vi" "get.harshest.punishment" "solve.game" 
"solve.default" "solve" "policy_iteration" "get.full.dyn.vi" "get.harshest.punishment" "solve.game" 
"all.equal.numeric" "all.equal" "isTRUE" "approxeq" "policy_iteration" "get.full.dyn.vi" "get.harshest.punishment" "solve.game" 
"policy_iteration" "get.full.dyn.vi" "get.harshest.punishment" "solve.game" 
"solve.default" "solve" "policy_iteration" "get.full.dyn.vi" "get.harshest.punishment" "solve.game" 
"get.cheating.payoffs" "get.harshest.punishment" "solve.game" 
"%*%" "get.cheating.payoffs" "get.harshest.punishment" "solve.game" 
"%*%" "get.cheating.payoffs" "get.harshest.punishment" "solve.game" 
"%*%" "get.cheating.payoffs" "get.harshest.punishment" "solve.game" 
"%*%" "get.cheating.payoffs" "get.harshest.punishment" "solve.game" 
"unlist" "rows.to.v.ind" "get.full.dyn.vi" "get.harshest.punishment" "solve.game" 
"get.full.dyn.vi" "get.harshest.punishment" "solve.game" 
"get.full.dyn.vi" "get.harshest.punishment" "solve.game" 
"get.full.dyn.vi" "get.harshest.punishment" "solve.game" 
"get.full.dyn.vi" "get.harshest.punishment" "solve.game" 
"policy_iteration" "get.full.dyn.vi" "get.harshest.punishment" "solve.game" 
"solve.default" "solve" "policy_iteration" "get.full.dyn.vi" "get.harshest.punishment" "solve.game" 
"%*%" "policy_iteration" "get.full.dyn.vi" "get.harshest.punishment" "solve.game" 
"solve.default" "solve" "policy_iteration" "get.full.dyn.vi" "get.harshest.punishment" "solve.game" 
"solve.default" "solve" "policy_iteration" "get.full.dyn.vi" "get.harshest.punishment" "solve.game" 
"policy_iteration" "get.full.dyn.vi" "get.harshest.punishment" "solve.game" 
"solve.default" "solve" "policy_iteration" "get.full.dyn.vi" "get.harshest.punishment" "solve.game" 
"%*%" "policy_iteration" "get.full.dyn.vi" "get.harshest.punishment" "solve.game" 
"*" "solve" "policy_iteration" "get.full.dyn.vi" "get.harshest.punishment" "solve.game" 
"solve.default" "solve" "policy_iteration" "get.full.dyn.vi" "get.harshest.punishment" "solve.game" 
"%*%" "get.cheating.payoffs" "get.harshest.punishment" "solve.game" 
"%*%" "get.cheating.payoffs" "get.harshest.punishment" "solve.game" 
"%*%" "get.cheating.payoffs" "get.harshest.punishment" "solve.game" 
"%*%" "get.cheating.payoffs" "get.harshest.punishment" "solve.game" 
"%*%" "get.cheating.payoffs" "get.harshest.punishment" "solve.game" 
":" "FUN" "lapply" "sapply" "unlist" "rows.to.v.ind" "get.full.dyn.vi" "get.harshest.punishment" "solve.game" 
"get.full.dyn.vi" "get.harshest.punishment" "solve.game" 
"get.full.dyn.vi" "get.harshest.punishment" "solve.game" 
"get.full.dyn.vi" "get.harshest.punishment" "solve.game" 
"get.full.dyn.vi" "get.harshest.punishment" "solve.game" 
"as.matrix" "solve.default" "solve" "policy_iteration" "get.full.dyn.vi" "get.harshest.punishment" "solve.game" 
"solve.default" "solve" "policy_iteration" "get.full.dyn.vi" "get.harshest.punishment" "solve.game" 
"policy_iteration" "get.full.dyn.vi" "get.harshest.punishment" "solve.game" 
"solve.default" "solve" "policy_iteration" "get.full.dyn.vi" "get.harshest.punishment" "solve.game" 
"policy_iteration" "get.full.dyn.vi" "get.harshest.punishment" "solve.game" 
"solve.default" "solve" "policy_iteration" "get.full.dyn.vi" "get.harshest.punishment" "solve.game" 
"policy_iteration" "get.full.dyn.vi" "get.harshest.punishment" "solve.game" 
"policy_iteration" "get.full.dyn.vi" "get.harshest.punishment" "solve.game" 
"policy_iteration" "get.full.dyn.vi" "get.harshest.punishment" "solve.game" 
"solve.default" "solve" "policy_iteration" "get.full.dyn.vi" "get.harshest.punishment" "solve.game" 
"solve.default" "solve" "policy_iteration" "get.full.dyn.vi" "get.harshest.punishment" "solve.game" 
"%*%" "get.cheating.payoffs" "get.harshest.punishment" "solve.game" 
"%*%" "get.cheating.payoffs" "get.harshest.punishment" "solve.game" 
"%*%" "get.cheating.payoffs" "get.harshest.punishment" "solve.game" 
"%*%" "get.cheating.payoffs" "get.harshest.punishment" "solve.game" 
"%*%" "get.cheating.payoffs" "get.harshest.punishment" "solve.game" 
"%*%" "get.cheating.payoffs" "get.cheating.payoffs.ax" "solve.game" 
"%*%" "get.cheating.payoffs" "get.cheating.payoffs.ax" "solve.game" 
"%*%" "get.cheating.payoffs" "get.cheating.payoffs.ax" "solve.game" 
"%*%" "get.cheating.payoffs" "get.cheating.payoffs.ax" "solve.game" 
"get.cheating.payoffs" "get.harshest.punishment" "solve.game" 
"get.full.dyn.vi" "get.harshest.punishment" "solve.game" 
"get.full.dyn.vi" "get.harshest.punishment" "solve.game" 
"get.full.dyn.vi" "get.harshest.punishment" "solve.game" 
"policy_iteration" "get.full.dyn.vi" "get.harshest.punishment" "solve.game" 
"solve.default" "solve" "policy_iteration" "get.full.dyn.vi" "get.harshest.punishment" "solve.game" 
"solve.default" "solve" "policy_iteration" "get.full.dyn.vi" "get.harshest.punishment" "solve.game" 
"policy_iteration" "get.full.dyn.vi" "get.harshest.punishment" "solve.game" 
"solve.default" "solve" "policy_iteration" "get.full.dyn.vi" "get.harshest.punishment" "solve.game" 
"policy_iteration" "get.full.dyn.vi" "get.harshest.punishment" "solve.game" 
"solve.default" "solve" "policy_iteration" "get.full.dyn.vi" "get.harshest.punishment" "solve.game" 
"%*%" "get.cheating.payoffs" "get.harshest.punishment" "solve.game" 
"%*%" "get.cheating.payoffs" "get.harshest.punishment" "solve.game" 
"%*%" "get.cheating.payoffs" "get.harshest.punishment" "solve.game" 
"unlist" "rows.to.v.ind" "get.full.dyn.vi" "get.harshest.punishment" "solve.game" 
"get.full.dyn.vi" "get.harshest.punishment" "solve.game" 
"get.full.dyn.vi" "get.harshest.punishment" "solve.game" 
"policy_iteration" "get.full.dyn.vi" "get.harshest.punishment" "solve.game" 
"solve.default" "solve" "policy_iteration" "get.full.dyn.vi" "get.harshest.punishment" "solve.game" 
"policy_iteration" "get.full.dyn.vi" "get.harshest.punishment" "solve.game" 
"solve.default" "solve" "policy_iteration" "get.full.dyn.vi" "get.harshest.punishment" "solve.game" 
"policy_iteration" "get.full.dyn.vi" "get.harshest.punishment" "solve.game" 
"solve.default" "solve" "policy_iteration" "get.full.dyn.vi" "get.harshest.punishment" "solve.game" 
"policy_iteration" "get.full.dyn.vi" "get.harshest.punishment" "solve.game" 
"solve.default" "solve" "policy_iteration" "get.full.dyn.vi" "get.harshest.punishment" "solve.game" 
"%*%" "get.cheating.payoffs" "get.harshest.punishment" "solve.game" 
"%*%" "get.cheating.payoffs" "get.harshest.punishment" "solve.game" 
"%*%" "get.cheating.payoffs" "get.harshest.punishment" "solve.game" 
"%*%" "get.cheating.payoffs" "get.harshest.punishment" "solve.game" 
"unlist" "rows.to.v.ind" "get.full.dyn.vi" "get.harshest.punishment" "solve.game" 
"get.full.dyn.vi" "get.harshest.punishment" "solve.game" 
"get.full.dyn.vi" "get.harshest.punishment" "solve.game" 
"get.full.dyn.vi" "get.harshest.punishment" "solve.game" 
"policy_iteration" "get.full.dyn.vi" "get.harshest.punishment" "solve.game" 
"solve.default" "solve" "policy_iteration" "get.full.dyn.vi" "get.harshest.punishment" "solve.game" 
"policy_iteration" "get.full.dyn.vi" "get.harshest.punishment" "solve.game" 
"solve.default" "solve" "policy_iteration" "get.full.dyn.vi" "get.harshest.punishment" "solve.game" 
"%*%" "policy_iteration" "get.full.dyn.vi" "get.harshest.punishment" "solve.game" 
"solve.default" "solve" "policy_iteration" "get.full.dyn.vi" "get.harshest.punishment" "solve.game" 
"%*%" "policy_iteration" "get.full.dyn.vi" "get.harshest.punishment" "solve.game" 
"solve.default" "solve" "policy_iteration" "get.full.dyn.vi" "get.harshest.punishment" "solve.game" 
"solve.default" "solve" "policy_iteration" "get.full.dyn.vi" "get.harshest.punishment" "solve.game" 
"%*%" "get.cheating.payoffs" "get.harshest.punishment" "solve.game" 
"%*%" "get.cheating.payoffs" "get.harshest.punishment" "solve.game" 
"%*%" "get.cheating.payoffs" "get.harshest.punishment" "solve.game" 
"%*%" "get.cheating.payoffs" "get.harshest.punishment" "solve.game" 
"%*%" "get.cheating.payoffs" "get.harshest.punishment" "solve.game" 
"%*%" "get.cheating.payoffs" "get.cheating.payoffs.ax" "solve.game" 
"%*%" "get.cheating.payoffs" "get.cheating.payoffs.ax" "solve.game" 
"%*%" "get.cheating.payoffs" "get.cheating.payoffs.ax" "solve.game" 
"%*%" "get.cheating.payoffs" "get.cheating.payoffs.ax" "solve.game" 
"solve.game" 
"solve.game" 
"solve.game" 
"solve.game" 
"solve.game" 
"solve.game" 
"solve.game" 
"solve.game" 
"%*%" "solve.game" 
"plot.xy" "plot.default" "plot" "solve.game" 
"plot.xy" "points.default" "points" "solve.game" 
"colnames<-" "solve.default" "solve" "get.average.discounted.prob" "solve.game" 
"solve.default" "solve" "get.average.discounted.prob" "solve.game" 
"get.restore.point.options" "is.storing" "store.objects" "restore.point" "make.grid.matrix" "ax.to.av" "make.extra.sol" "solve.game" 
"get.restore.point.options" "is.storing" "store.objects" "restore.point" "make.grid.matrix" "ax.to.av" "make.extra.sol" "solve.game" 
"get.restore.point.options" "is.storing" "store.objects" "restore.point" "make.grid.matrix" "ax.to.av" "make.extra.sol" "solve.game" 
"get.restore.point.options" "is.storing" "store.objects" "restore.point" "make.grid.matrix" "ax.to.av" "make.extra.sol" "solve.game" 
"get.restore.point.options" "is.storing" "store.objects" "restore.point" "make.grid.matrix" "ax.to.av" "make.extra.sol" "solve.game" 
"restore.point" "<Anonymous>" "ax.to.av" "make.extra.sol" "solve.game" 
"<Anonymous>" "ax.to.av" "make.extra.sol" "solve.game" 
"unique" "simplify2array" "sapply" "make.grid.matrix" "ax.to.av" "make.extra.sol" "solve.game" 
"ax.to.av" "make.extra.sol" "solve.game" 
"store.objects" "restore.point" "make.grid.matrix" "ax.to.av" "make.extra.sol" "solve.game" 
"sapply" "make.grid.matrix" "ax.to.av" "make.extra.sol" "solve.game" 
"restore.point" "<Anonymous>" "ax.to.av" "make.extra.sol" "solve.game" 
"make.grid.matrix" "ax.to.av" "make.extra.sol" "solve.game" 
